2026-02-05 19:08:13,300 [main] INFO  com.revpay.dao.UserDaoImpl - New user registered with email: sam@gmail.com
2026-02-05 19:08:42,073 [main] INFO  com.revpay.dao.UserDaoImpl - User login successful: sam@gmail.com
2026-02-05 22:04:36,178 [main] ERROR com.revpay.dao.UserDaoImpl - Error during user registration
java.sql.SQLIntegrityConstraintViolationException: ORA-00001: unique constraint (SYSTEM.SYS_C008586) violated on table SYSTEM.USERS columns (EMAIL)
ORA-03301: (ORA-00001 details) row with column values (EMAIL:'usera@gmail.com') already exists
ORA-06512: at "SYSTEM.REGISTER_USER", line 9
ORA-06512: at line 1

	at oracle.jdbc.driver.T4CTTIoer11.processError(T4CTTIoer11.java:630) ~[ojdbc8-21.5.0.0.jar:21.5.0.0.0]
	at oracle.jdbc.driver.T4CTTIoer11.processError(T4CTTIoer11.java:564) ~[ojdbc8-21.5.0.0.jar:21.5.0.0.0]
	at oracle.jdbc.driver.T4C8Oall.processError(T4C8Oall.java:1151) ~[ojdbc8-21.5.0.0.jar:21.5.0.0.0]
	at oracle.jdbc.driver.T4CTTIfun.receive(T4CTTIfun.java:771) ~[ojdbc8-21.5.0.0.jar:21.5.0.0.0]
	at oracle.jdbc.driver.T4CTTIfun.doRPC(T4CTTIfun.java:299) ~[ojdbc8-21.5.0.0.jar:21.5.0.0.0]
	at oracle.jdbc.driver.T4C8Oall.doOALL(T4C8Oall.java:498) ~[ojdbc8-21.5.0.0.jar:21.5.0.0.0]
	at oracle.jdbc.driver.T4CCallableStatement.doOall8(T4CCallableStatement.java:148) ~[ojdbc8-21.5.0.0.jar:21.5.0.0.0]
	at oracle.jdbc.driver.T4CCallableStatement.executeForRows(T4CCallableStatement.java:1048) ~[ojdbc8-21.5.0.0.jar:21.5.0.0.0]
	at oracle.jdbc.driver.OracleStatement.executeSQLStatement(OracleStatement.java:1531) ~[ojdbc8-21.5.0.0.jar:21.5.0.0.0]
	at oracle.jdbc.driver.OracleStatement.doExecuteWithTimeout(OracleStatement.java:1311) ~[ojdbc8-21.5.0.0.jar:21.5.0.0.0]
	at oracle.jdbc.driver.OraclePreparedStatement.executeInternal(OraclePreparedStatement.java:3746) ~[ojdbc8-21.5.0.0.jar:21.5.0.0.0]
	at oracle.jdbc.driver.OraclePreparedStatement.execute(OraclePreparedStatement.java:3941) ~[ojdbc8-21.5.0.0.jar:21.5.0.0.0]
	at oracle.jdbc.driver.OracleCallableStatement.execute(OracleCallableStatement.java:4279) ~[ojdbc8-21.5.0.0.jar:21.5.0.0.0]
	at oracle.jdbc.driver.OraclePreparedStatementWrapper.execute(OraclePreparedStatementWrapper.java:1010) ~[ojdbc8-21.5.0.0.jar:21.5.0.0.0]
	at com.revpay.dao.UserDaoImpl.registerUser(UserDaoImpl.java:50) [classes/:?]
	at com.revpay.main.MainApp.main(MainApp.java:38) [classes/:?]
Caused by: oracle.jdbc.OracleDatabaseException: ORA-00001: unique constraint (SYSTEM.SYS_C008586) violated on table SYSTEM.USERS columns (EMAIL)
ORA-03301: (ORA-00001 details) row with column values (EMAIL:'usera@gmail.com') already exists
ORA-06512: at "SYSTEM.REGISTER_USER", line 9
ORA-06512: at line 1

	at oracle.jdbc.driver.T4CTTIoer11.processError(T4CTTIoer11.java:637) ~[ojdbc8-21.5.0.0.jar:21.5.0.0.0]
	... 15 more
2026-02-05 22:04:49,476 [main] INFO  com.revpay.dao.UserDaoImpl - Login successful for email usera@gmail.com
2026-02-07 00:19:58,152 [main] ERROR com.revpay.dao.UserDaoImpl - Error during user registration
java.sql.SQLIntegrityConstraintViolationException: ORA-00001: unique constraint (SYSTEM.SYS_C008586) violated on table SYSTEM.USERS columns (EMAIL)
ORA-03301: (ORA-00001 details) row with column values (EMAIL:'kashish@gmail.com') already exists
ORA-06512: at "SYSTEM.REGISTER_USER", line 9
ORA-06512: at line 1

	at oracle.jdbc.driver.T4CTTIoer11.processError(T4CTTIoer11.java:630) ~[ojdbc8-21.5.0.0.jar:21.5.0.0.0]
	at oracle.jdbc.driver.T4CTTIoer11.processError(T4CTTIoer11.java:564) ~[ojdbc8-21.5.0.0.jar:21.5.0.0.0]
	at oracle.jdbc.driver.T4C8Oall.processError(T4C8Oall.java:1151) ~[ojdbc8-21.5.0.0.jar:21.5.0.0.0]
	at oracle.jdbc.driver.T4CTTIfun.receive(T4CTTIfun.java:771) ~[ojdbc8-21.5.0.0.jar:21.5.0.0.0]
	at oracle.jdbc.driver.T4CTTIfun.doRPC(T4CTTIfun.java:299) ~[ojdbc8-21.5.0.0.jar:21.5.0.0.0]
	at oracle.jdbc.driver.T4C8Oall.doOALL(T4C8Oall.java:498) ~[ojdbc8-21.5.0.0.jar:21.5.0.0.0]
	at oracle.jdbc.driver.T4CCallableStatement.doOall8(T4CCallableStatement.java:148) ~[ojdbc8-21.5.0.0.jar:21.5.0.0.0]
	at oracle.jdbc.driver.T4CCallableStatement.executeForRows(T4CCallableStatement.java:1048) ~[ojdbc8-21.5.0.0.jar:21.5.0.0.0]
	at oracle.jdbc.driver.OracleStatement.executeSQLStatement(OracleStatement.java:1531) ~[ojdbc8-21.5.0.0.jar:21.5.0.0.0]
	at oracle.jdbc.driver.OracleStatement.doExecuteWithTimeout(OracleStatement.java:1311) ~[ojdbc8-21.5.0.0.jar:21.5.0.0.0]
	at oracle.jdbc.driver.OraclePreparedStatement.executeInternal(OraclePreparedStatement.java:3746) ~[ojdbc8-21.5.0.0.jar:21.5.0.0.0]
	at oracle.jdbc.driver.OraclePreparedStatement.execute(OraclePreparedStatement.java:3941) ~[ojdbc8-21.5.0.0.jar:21.5.0.0.0]
	at oracle.jdbc.driver.OracleCallableStatement.execute(OracleCallableStatement.java:4279) ~[ojdbc8-21.5.0.0.jar:21.5.0.0.0]
	at oracle.jdbc.driver.OraclePreparedStatementWrapper.execute(OraclePreparedStatementWrapper.java:1010) ~[ojdbc8-21.5.0.0.jar:21.5.0.0.0]
	at com.revpay.dao.UserDaoImpl.registerUser(UserDaoImpl.java:50) [classes/:?]
	at com.revpay.main.MainApp.main(MainApp.java:30) [classes/:?]
Caused by: oracle.jdbc.OracleDatabaseException: ORA-00001: unique constraint (SYSTEM.SYS_C008586) violated on table SYSTEM.USERS columns (EMAIL)
ORA-03301: (ORA-00001 details) row with column values (EMAIL:'kashish@gmail.com') already exists
ORA-06512: at "SYSTEM.REGISTER_USER", line 9
ORA-06512: at line 1

	at oracle.jdbc.driver.T4CTTIoer11.processError(T4CTTIoer11.java:637) ~[ojdbc8-21.5.0.0.jar:21.5.0.0.0]
	... 15 more
2026-02-07 00:32:20,956 [main] INFO  com.revpay.dao.UserDaoImpl - New user registered with email: abc@gmail.com
2026-02-07 00:42:50,468 [main] ERROR com.revpay.dao.UserDaoImpl - Error during user registration
java.sql.SQLIntegrityConstraintViolationException: ORA-00001: unique constraint (SYSTEM.SYS_C008586) violated on table SYSTEM.USERS columns (EMAIL)
ORA-03301: (ORA-00001 details) row with column values (EMAIL:'shivani@gmail.com') already exists
ORA-06512: at "SYSTEM.REGISTER_USER", line 9
ORA-06512: at line 1

	at oracle.jdbc.driver.T4CTTIoer11.processError(T4CTTIoer11.java:630) ~[ojdbc8-21.5.0.0.jar:21.5.0.0.0]
	at oracle.jdbc.driver.T4CTTIoer11.processError(T4CTTIoer11.java:564) ~[ojdbc8-21.5.0.0.jar:21.5.0.0.0]
	at oracle.jdbc.driver.T4C8Oall.processError(T4C8Oall.java:1151) ~[ojdbc8-21.5.0.0.jar:21.5.0.0.0]
	at oracle.jdbc.driver.T4CTTIfun.receive(T4CTTIfun.java:771) ~[ojdbc8-21.5.0.0.jar:21.5.0.0.0]
	at oracle.jdbc.driver.T4CTTIfun.doRPC(T4CTTIfun.java:299) ~[ojdbc8-21.5.0.0.jar:21.5.0.0.0]
	at oracle.jdbc.driver.T4C8Oall.doOALL(T4C8Oall.java:498) ~[ojdbc8-21.5.0.0.jar:21.5.0.0.0]
	at oracle.jdbc.driver.T4CCallableStatement.doOall8(T4CCallableStatement.java:148) ~[ojdbc8-21.5.0.0.jar:21.5.0.0.0]
	at oracle.jdbc.driver.T4CCallableStatement.executeForRows(T4CCallableStatement.java:1048) ~[ojdbc8-21.5.0.0.jar:21.5.0.0.0]
	at oracle.jdbc.driver.OracleStatement.executeSQLStatement(OracleStatement.java:1531) ~[ojdbc8-21.5.0.0.jar:21.5.0.0.0]
	at oracle.jdbc.driver.OracleStatement.doExecuteWithTimeout(OracleStatement.java:1311) ~[ojdbc8-21.5.0.0.jar:21.5.0.0.0]
	at oracle.jdbc.driver.OraclePreparedStatement.executeInternal(OraclePreparedStatement.java:3746) ~[ojdbc8-21.5.0.0.jar:21.5.0.0.0]
	at oracle.jdbc.driver.OraclePreparedStatement.executeLargeUpdate(OraclePreparedStatement.java:3918) ~[ojdbc8-21.5.0.0.jar:21.5.0.0.0]
	at oracle.jdbc.driver.OraclePreparedStatement.executeUpdate(OraclePreparedStatement.java:3897) ~[ojdbc8-21.5.0.0.jar:21.5.0.0.0]
	at oracle.jdbc.driver.OracleCallableStatement.executeUpdate(OracleCallableStatement.java:4302) ~[ojdbc8-21.5.0.0.jar:21.5.0.0.0]
	at oracle.jdbc.driver.OraclePreparedStatementWrapper.executeUpdate(OraclePreparedStatementWrapper.java:992) ~[ojdbc8-21.5.0.0.jar:21.5.0.0.0]
	at com.revpay.dao.UserDaoImpl.registerUser(UserDaoImpl.java:52) [classes/:?]
	at com.revpay.main.MainApp.main(MainApp.java:30) [classes/:?]
Caused by: oracle.jdbc.OracleDatabaseException: ORA-00001: unique constraint (SYSTEM.SYS_C008586) violated on table SYSTEM.USERS columns (EMAIL)
ORA-03301: (ORA-00001 details) row with column values (EMAIL:'shivani@gmail.com') already exists
ORA-06512: at "SYSTEM.REGISTER_USER", line 9
ORA-06512: at line 1

	at oracle.jdbc.driver.T4CTTIoer11.processError(T4CTTIoer11.java:637) ~[ojdbc8-21.5.0.0.jar:21.5.0.0.0]
	... 16 more
2026-02-07 00:43:23,186 [main] ERROR com.revpay.dao.UserDaoImpl - Error during user registration
java.sql.SQLIntegrityConstraintViolationException: ORA-00001: unique constraint (SYSTEM.SYS_C008586) violated on table SYSTEM.USERS columns (EMAIL)
ORA-03301: (ORA-00001 details) row with column values (EMAIL:'tejas@gmail.com') already exists
ORA-06512: at "SYSTEM.REGISTER_USER", line 9
ORA-06512: at line 1

	at oracle.jdbc.driver.T4CTTIoer11.processError(T4CTTIoer11.java:630) ~[ojdbc8-21.5.0.0.jar:21.5.0.0.0]
	at oracle.jdbc.driver.T4CTTIoer11.processError(T4CTTIoer11.java:564) ~[ojdbc8-21.5.0.0.jar:21.5.0.0.0]
	at oracle.jdbc.driver.T4C8Oall.processError(T4C8Oall.java:1151) ~[ojdbc8-21.5.0.0.jar:21.5.0.0.0]
	at oracle.jdbc.driver.T4CTTIfun.receive(T4CTTIfun.java:771) ~[ojdbc8-21.5.0.0.jar:21.5.0.0.0]
	at oracle.jdbc.driver.T4CTTIfun.doRPC(T4CTTIfun.java:299) ~[ojdbc8-21.5.0.0.jar:21.5.0.0.0]
	at oracle.jdbc.driver.T4C8Oall.doOALL(T4C8Oall.java:498) ~[ojdbc8-21.5.0.0.jar:21.5.0.0.0]
	at oracle.jdbc.driver.T4CCallableStatement.doOall8(T4CCallableStatement.java:148) ~[ojdbc8-21.5.0.0.jar:21.5.0.0.0]
	at oracle.jdbc.driver.T4CCallableStatement.executeForRows(T4CCallableStatement.java:1048) ~[ojdbc8-21.5.0.0.jar:21.5.0.0.0]
	at oracle.jdbc.driver.OracleStatement.executeSQLStatement(OracleStatement.java:1531) ~[ojdbc8-21.5.0.0.jar:21.5.0.0.0]
	at oracle.jdbc.driver.OracleStatement.doExecuteWithTimeout(OracleStatement.java:1311) ~[ojdbc8-21.5.0.0.jar:21.5.0.0.0]
	at oracle.jdbc.driver.OraclePreparedStatement.executeInternal(OraclePreparedStatement.java:3746) ~[ojdbc8-21.5.0.0.jar:21.5.0.0.0]
	at oracle.jdbc.driver.OraclePreparedStatement.executeLargeUpdate(OraclePreparedStatement.java:3918) ~[ojdbc8-21.5.0.0.jar:21.5.0.0.0]
	at oracle.jdbc.driver.OraclePreparedStatement.executeUpdate(OraclePreparedStatement.java:3897) ~[ojdbc8-21.5.0.0.jar:21.5.0.0.0]
	at oracle.jdbc.driver.OracleCallableStatement.executeUpdate(OracleCallableStatement.java:4302) ~[ojdbc8-21.5.0.0.jar:21.5.0.0.0]
	at oracle.jdbc.driver.OraclePreparedStatementWrapper.executeUpdate(OraclePreparedStatementWrapper.java:992) ~[ojdbc8-21.5.0.0.jar:21.5.0.0.0]
	at com.revpay.dao.UserDaoImpl.registerUser(UserDaoImpl.java:52) [classes/:?]
	at com.revpay.main.MainApp.main(MainApp.java:30) [classes/:?]
Caused by: oracle.jdbc.OracleDatabaseException: ORA-00001: unique constraint (SYSTEM.SYS_C008586) violated on table SYSTEM.USERS columns (EMAIL)
ORA-03301: (ORA-00001 details) row with column values (EMAIL:'tejas@gmail.com') already exists
ORA-06512: at "SYSTEM.REGISTER_USER", line 9
ORA-06512: at line 1

	at oracle.jdbc.driver.T4CTTIoer11.processError(T4CTTIoer11.java:637) ~[ojdbc8-21.5.0.0.jar:21.5.0.0.0]
	... 16 more
2026-02-07 01:00:17,459 [main] ERROR com.revpay.dao.UserDaoImpl - Error during user registration
java.sql.SQLSyntaxErrorException: ORA-00904: "PASSWORD": invalid identifier

	at oracle.jdbc.driver.T4CTTIoer11.processError(T4CTTIoer11.java:630) ~[ojdbc8-21.5.0.0.jar:21.5.0.0.0]
	at oracle.jdbc.driver.T4CTTIoer11.processError(T4CTTIoer11.java:564) ~[ojdbc8-21.5.0.0.jar:21.5.0.0.0]
	at oracle.jdbc.driver.T4C8Oall.processError(T4C8Oall.java:1151) ~[ojdbc8-21.5.0.0.jar:21.5.0.0.0]
	at oracle.jdbc.driver.T4CTTIfun.receive(T4CTTIfun.java:771) ~[ojdbc8-21.5.0.0.jar:21.5.0.0.0]
	at oracle.jdbc.driver.T4CTTIfun.doRPC(T4CTTIfun.java:299) ~[ojdbc8-21.5.0.0.jar:21.5.0.0.0]
	at oracle.jdbc.driver.T4C8Oall.doOALL(T4C8Oall.java:498) ~[ojdbc8-21.5.0.0.jar:21.5.0.0.0]
	at oracle.jdbc.driver.T4CPreparedStatement.doOall8(T4CPreparedStatement.java:152) ~[ojdbc8-21.5.0.0.jar:21.5.0.0.0]
	at oracle.jdbc.driver.T4CPreparedStatement.executeForRows(T4CPreparedStatement.java:1052) ~[ojdbc8-21.5.0.0.jar:21.5.0.0.0]
	at oracle.jdbc.driver.OracleStatement.executeSQLStatement(OracleStatement.java:1531) ~[ojdbc8-21.5.0.0.jar:21.5.0.0.0]
	at oracle.jdbc.driver.OracleStatement.doExecuteWithTimeout(OracleStatement.java:1311) ~[ojdbc8-21.5.0.0.jar:21.5.0.0.0]
	at oracle.jdbc.driver.OraclePreparedStatement.executeInternal(OraclePreparedStatement.java:3746) ~[ojdbc8-21.5.0.0.jar:21.5.0.0.0]
	at oracle.jdbc.driver.OraclePreparedStatement.executeLargeUpdate(OraclePreparedStatement.java:3918) ~[ojdbc8-21.5.0.0.jar:21.5.0.0.0]
	at oracle.jdbc.driver.OraclePreparedStatement.executeUpdate(OraclePreparedStatement.java:3897) ~[ojdbc8-21.5.0.0.jar:21.5.0.0.0]
	at oracle.jdbc.driver.OraclePreparedStatementWrapper.executeUpdate(OraclePreparedStatementWrapper.java:992) ~[ojdbc8-21.5.0.0.jar:21.5.0.0.0]
	at com.revpay.dao.UserDaoImpl.registerUser(UserDaoImpl.java:48) [classes/:?]
	at com.revpay.main.MainApp.main(MainApp.java:30) [classes/:?]
Caused by: oracle.jdbc.OracleDatabaseException: ORA-00904: "PASSWORD": invalid identifier

	at oracle.jdbc.driver.T4CTTIoer11.processError(T4CTTIoer11.java:637) ~[ojdbc8-21.5.0.0.jar:21.5.0.0.0]
	... 15 more
2026-02-07 01:05:11,530 [main] ERROR com.revpay.dao.UserDaoImpl - Error during user registration
java.sql.SQLSyntaxErrorException: ORA-00904: "PASSWORD": invalid identifier

	at oracle.jdbc.driver.T4CTTIoer11.processError(T4CTTIoer11.java:630) ~[ojdbc8-21.5.0.0.jar:21.5.0.0.0]
	at oracle.jdbc.driver.T4CTTIoer11.processError(T4CTTIoer11.java:564) ~[ojdbc8-21.5.0.0.jar:21.5.0.0.0]
	at oracle.jdbc.driver.T4C8Oall.processError(T4C8Oall.java:1151) ~[ojdbc8-21.5.0.0.jar:21.5.0.0.0]
	at oracle.jdbc.driver.T4CTTIfun.receive(T4CTTIfun.java:771) ~[ojdbc8-21.5.0.0.jar:21.5.0.0.0]
	at oracle.jdbc.driver.T4CTTIfun.doRPC(T4CTTIfun.java:299) ~[ojdbc8-21.5.0.0.jar:21.5.0.0.0]
	at oracle.jdbc.driver.T4C8Oall.doOALL(T4C8Oall.java:498) ~[ojdbc8-21.5.0.0.jar:21.5.0.0.0]
	at oracle.jdbc.driver.T4CPreparedStatement.doOall8(T4CPreparedStatement.java:152) ~[ojdbc8-21.5.0.0.jar:21.5.0.0.0]
	at oracle.jdbc.driver.T4CPreparedStatement.executeForRows(T4CPreparedStatement.java:1052) ~[ojdbc8-21.5.0.0.jar:21.5.0.0.0]
	at oracle.jdbc.driver.OracleStatement.executeSQLStatement(OracleStatement.java:1531) ~[ojdbc8-21.5.0.0.jar:21.5.0.0.0]
	at oracle.jdbc.driver.OracleStatement.doExecuteWithTimeout(OracleStatement.java:1311) ~[ojdbc8-21.5.0.0.jar:21.5.0.0.0]
	at oracle.jdbc.driver.OraclePreparedStatement.executeInternal(OraclePreparedStatement.java:3746) ~[ojdbc8-21.5.0.0.jar:21.5.0.0.0]
	at oracle.jdbc.driver.OraclePreparedStatement.executeLargeUpdate(OraclePreparedStatement.java:3918) ~[ojdbc8-21.5.0.0.jar:21.5.0.0.0]
	at oracle.jdbc.driver.OraclePreparedStatement.executeUpdate(OraclePreparedStatement.java:3897) ~[ojdbc8-21.5.0.0.jar:21.5.0.0.0]
	at oracle.jdbc.driver.OraclePreparedStatementWrapper.executeUpdate(OraclePreparedStatementWrapper.java:992) ~[ojdbc8-21.5.0.0.jar:21.5.0.0.0]
	at com.revpay.dao.UserDaoImpl.registerUser(UserDaoImpl.java:48) [classes/:?]
	at com.revpay.main.MainApp.main(MainApp.java:30) [classes/:?]
Caused by: oracle.jdbc.OracleDatabaseException: ORA-00904: "PASSWORD": invalid identifier

	at oracle.jdbc.driver.T4CTTIoer11.processError(T4CTTIoer11.java:637) ~[ojdbc8-21.5.0.0.jar:21.5.0.0.0]
	... 15 more
2026-02-07 01:21:01,746 [main] INFO  com.revpay.dao.UserDaoImpl - New user registered with email: vinay@gmail.com
2026-02-07 01:30:07,022 [main] ERROR com.revpay.dao.UserDaoImpl - Error during login
java.sql.SQLRecoverableException: Closed Connection
	at oracle.jdbc.driver.PhysicalConnection.requireOpenConnection(PhysicalConnection.java:11383) ~[ojdbc8-21.5.0.0.jar:21.5.0.0.0]
	at oracle.jdbc.driver.PhysicalConnection.prepareStatementInternal(PhysicalConnection.java:2301) ~[ojdbc8-21.5.0.0.jar:21.5.0.0.0]
	at oracle.jdbc.driver.PhysicalConnection.prepareStatement(PhysicalConnection.java:2256) ~[ojdbc8-21.5.0.0.jar:21.5.0.0.0]
	at oracle.jdbc.driver.PhysicalConnection.prepareStatement(PhysicalConnection.java:2247) ~[ojdbc8-21.5.0.0.jar:21.5.0.0.0]
	at oracle.jdbc.driver.PhysicalConnection.prepareStatement(PhysicalConnection.java:2158) ~[ojdbc8-21.5.0.0.jar:21.5.0.0.0]
	at com.revpay.dao.UserDaoImpl.loginUserWithReturnId(UserDaoImpl.java:81) [classes/:?]
	at com.revpay.main.MainApp.main(MainApp.java:34) [classes/:?]
2026-02-07 01:35:53,204 [main] ERROR com.revpay.dao.UserDaoImpl - Error during login
java.lang.RuntimeException: ❌ Database connection failed
	at com.revpay.util.DBConnection.getConnection(DBConnection.java:21) ~[classes/:?]
	at com.revpay.dao.UserDaoImpl.loginUserWithReturnId(UserDaoImpl.java:80) [classes/:?]
	at com.revpay.main.MainApp.main(MainApp.java:34) [classes/:?]
Caused by: java.sql.SQLException: Listener refused the connection with the following error:
ORA-12505, TNS:listener does not currently know of SID given in connect descriptor
  (CONNECTION_ID=tky7sNBsSi2dA+Y2TuPBdw==)
	at oracle.jdbc.driver.T4CConnection.handleLogonNetException(T4CConnection.java:893) ~[ojdbc8-21.5.0.0.jar:21.5.0.0.0]
	at oracle.jdbc.driver.T4CConnection.logon(T4CConnection.java:698) ~[ojdbc8-21.5.0.0.jar:21.5.0.0.0]
	at oracle.jdbc.driver.PhysicalConnection.connect(PhysicalConnection.java:1042) ~[ojdbc8-21.5.0.0.jar:21.5.0.0.0]
	at oracle.jdbc.driver.T4CDriverExtension.getConnection(T4CDriverExtension.java:90) ~[ojdbc8-21.5.0.0.jar:21.5.0.0.0]
	at oracle.jdbc.driver.OracleDriver.connect(OracleDriver.java:733) ~[ojdbc8-21.5.0.0.jar:21.5.0.0.0]
	at oracle.jdbc.driver.OracleDriver.connect(OracleDriver.java:649) ~[ojdbc8-21.5.0.0.jar:21.5.0.0.0]
	at java.sql.DriverManager.getConnection(DriverManager.java:683) ~[java.sql:?]
	at java.sql.DriverManager.getConnection(DriverManager.java:230) ~[java.sql:?]
	at com.revpay.util.DBConnection.getConnection(DBConnection.java:18) ~[classes/:?]
	... 2 more
Caused by: oracle.net.ns.NetException: Listener refused the connection with the following error:
ORA-12505, TNS:listener does not currently know of SID given in connect descriptor
  (CONNECTION_ID=tky7sNBsSi2dA+Y2TuPBdw==)
	at oracle.net.ns.NSProtocolNIO.createRefusePacketException(NSProtocolNIO.java:816) ~[ojdbc8-21.5.0.0.jar:21.5.0.0.0]
	at oracle.net.ns.NSProtocolNIO.handleConnectPacketResponse(NSProtocolNIO.java:396) ~[ojdbc8-21.5.0.0.jar:21.5.0.0.0]
	at oracle.net.ns.NSProtocolNIO.negotiateConnection(NSProtocolNIO.java:207) ~[ojdbc8-21.5.0.0.jar:21.5.0.0.0]
	at oracle.net.ns.NSProtocol.connect(NSProtocol.java:350) ~[ojdbc8-21.5.0.0.jar:21.5.0.0.0]
	at oracle.jdbc.driver.T4CConnection.connect(T4CConnection.java:2372) ~[ojdbc8-21.5.0.0.jar:21.5.0.0.0]
	at oracle.jdbc.driver.T4CConnection.logon(T4CConnection.java:657) ~[ojdbc8-21.5.0.0.jar:21.5.0.0.0]
	at oracle.jdbc.driver.PhysicalConnection.connect(PhysicalConnection.java:1042) ~[ojdbc8-21.5.0.0.jar:21.5.0.0.0]
	at oracle.jdbc.driver.T4CDriverExtension.getConnection(T4CDriverExtension.java:90) ~[ojdbc8-21.5.0.0.jar:21.5.0.0.0]
	at oracle.jdbc.driver.OracleDriver.connect(OracleDriver.java:733) ~[ojdbc8-21.5.0.0.jar:21.5.0.0.0]
	at oracle.jdbc.driver.OracleDriver.connect(OracleDriver.java:649) ~[ojdbc8-21.5.0.0.jar:21.5.0.0.0]
	at java.sql.DriverManager.getConnection(DriverManager.java:683) ~[java.sql:?]
	at java.sql.DriverManager.getConnection(DriverManager.java:230) ~[java.sql:?]
	at com.revpay.util.DBConnection.getConnection(DBConnection.java:18) ~[classes/:?]
	... 2 more
2026-02-07 01:45:07,711 [main] ERROR com.revpay.dao.UserDaoImpl - Error during login
java.lang.RuntimeException: ❌ Database connection failed
	at com.revpay.util.DBConnection.getConnection(DBConnection.java:21) ~[classes/:?]
	at com.revpay.dao.UserDaoImpl.loginUserWithReturnId(UserDaoImpl.java:80) [classes/:?]
	at com.revpay.main.MainApp.main(MainApp.java:34) [classes/:?]
Caused by: java.sql.SQLException: Listener refused the connection with the following error:
ORA-12505, TNS:listener does not currently know of SID given in connect descriptor
  (CONNECTION_ID=bPD0BewzQ6uU5qvbjMqbdQ==)
	at oracle.jdbc.driver.T4CConnection.handleLogonNetException(T4CConnection.java:893) ~[ojdbc8-21.5.0.0.jar:21.5.0.0.0]
	at oracle.jdbc.driver.T4CConnection.logon(T4CConnection.java:698) ~[ojdbc8-21.5.0.0.jar:21.5.0.0.0]
	at oracle.jdbc.driver.PhysicalConnection.connect(PhysicalConnection.java:1042) ~[ojdbc8-21.5.0.0.jar:21.5.0.0.0]
	at oracle.jdbc.driver.T4CDriverExtension.getConnection(T4CDriverExtension.java:90) ~[ojdbc8-21.5.0.0.jar:21.5.0.0.0]
	at oracle.jdbc.driver.OracleDriver.connect(OracleDriver.java:733) ~[ojdbc8-21.5.0.0.jar:21.5.0.0.0]
	at oracle.jdbc.driver.OracleDriver.connect(OracleDriver.java:649) ~[ojdbc8-21.5.0.0.jar:21.5.0.0.0]
	at java.sql.DriverManager.getConnection(DriverManager.java:683) ~[java.sql:?]
	at java.sql.DriverManager.getConnection(DriverManager.java:230) ~[java.sql:?]
	at com.revpay.util.DBConnection.getConnection(DBConnection.java:18) ~[classes/:?]
	... 2 more
Caused by: oracle.net.ns.NetException: Listener refused the connection with the following error:
ORA-12505, TNS:listener does not currently know of SID given in connect descriptor
  (CONNECTION_ID=bPD0BewzQ6uU5qvbjMqbdQ==)
	at oracle.net.ns.NSProtocolNIO.createRefusePacketException(NSProtocolNIO.java:816) ~[ojdbc8-21.5.0.0.jar:21.5.0.0.0]
	at oracle.net.ns.NSProtocolNIO.handleConnectPacketResponse(NSProtocolNIO.java:396) ~[ojdbc8-21.5.0.0.jar:21.5.0.0.0]
	at oracle.net.ns.NSProtocolNIO.negotiateConnection(NSProtocolNIO.java:207) ~[ojdbc8-21.5.0.0.jar:21.5.0.0.0]
	at oracle.net.ns.NSProtocol.connect(NSProtocol.java:350) ~[ojdbc8-21.5.0.0.jar:21.5.0.0.0]
	at oracle.jdbc.driver.T4CConnection.connect(T4CConnection.java:2372) ~[ojdbc8-21.5.0.0.jar:21.5.0.0.0]
	at oracle.jdbc.driver.T4CConnection.logon(T4CConnection.java:657) ~[ojdbc8-21.5.0.0.jar:21.5.0.0.0]
	at oracle.jdbc.driver.PhysicalConnection.connect(PhysicalConnection.java:1042) ~[ojdbc8-21.5.0.0.jar:21.5.0.0.0]
	at oracle.jdbc.driver.T4CDriverExtension.getConnection(T4CDriverExtension.java:90) ~[ojdbc8-21.5.0.0.jar:21.5.0.0.0]
	at oracle.jdbc.driver.OracleDriver.connect(OracleDriver.java:733) ~[ojdbc8-21.5.0.0.jar:21.5.0.0.0]
	at oracle.jdbc.driver.OracleDriver.connect(OracleDriver.java:649) ~[ojdbc8-21.5.0.0.jar:21.5.0.0.0]
	at java.sql.DriverManager.getConnection(DriverManager.java:683) ~[java.sql:?]
	at java.sql.DriverManager.getConnection(DriverManager.java:230) ~[java.sql:?]
	at com.revpay.util.DBConnection.getConnection(DBConnection.java:18) ~[classes/:?]
	... 2 more
2026-02-07 02:10:27,190 [main] ERROR com.revpay.dao.UserDaoImpl - Error during login
java.sql.SQLSyntaxErrorException: ORA-00942: table or view "SYSTEM"."USERS" does not exist

	at oracle.jdbc.driver.T4CTTIoer11.processError(T4CTTIoer11.java:630) ~[ojdbc8-21.5.0.0.jar:21.5.0.0.0]
	at oracle.jdbc.driver.T4CTTIoer11.processError(T4CTTIoer11.java:564) ~[ojdbc8-21.5.0.0.jar:21.5.0.0.0]
	at oracle.jdbc.driver.T4C8Oall.processError(T4C8Oall.java:1151) ~[ojdbc8-21.5.0.0.jar:21.5.0.0.0]
	at oracle.jdbc.driver.T4CTTIfun.receive(T4CTTIfun.java:771) ~[ojdbc8-21.5.0.0.jar:21.5.0.0.0]
	at oracle.jdbc.driver.T4CTTIfun.doRPC(T4CTTIfun.java:299) ~[ojdbc8-21.5.0.0.jar:21.5.0.0.0]
	at oracle.jdbc.driver.T4C8Oall.doOALL(T4C8Oall.java:498) ~[ojdbc8-21.5.0.0.jar:21.5.0.0.0]
	at oracle.jdbc.driver.T4CPreparedStatement.doOall8(T4CPreparedStatement.java:152) ~[ojdbc8-21.5.0.0.jar:21.5.0.0.0]
	at oracle.jdbc.driver.T4CPreparedStatement.executeForDescribe(T4CPreparedStatement.java:937) ~[ojdbc8-21.5.0.0.jar:21.5.0.0.0]
	at oracle.jdbc.driver.OracleStatement.prepareDefineBufferAndExecute(OracleStatement.java:1172) ~[ojdbc8-21.5.0.0.jar:21.5.0.0.0]
	at oracle.jdbc.driver.OracleStatement.executeMaybeDescribe(OracleStatement.java:1101) ~[ojdbc8-21.5.0.0.jar:21.5.0.0.0]
	at oracle.jdbc.driver.OracleStatement.executeSQLSelect(OracleStatement.java:1426) ~[ojdbc8-21.5.0.0.jar:21.5.0.0.0]
	at oracle.jdbc.driver.OracleStatement.doExecuteWithTimeout(OracleStatement.java:1309) ~[ojdbc8-21.5.0.0.jar:21.5.0.0.0]
	at oracle.jdbc.driver.OraclePreparedStatement.executeInternal(OraclePreparedStatement.java:3746) ~[ojdbc8-21.5.0.0.jar:21.5.0.0.0]
	at oracle.jdbc.driver.OraclePreparedStatement.executeQuery(OraclePreparedStatement.java:3855) ~[ojdbc8-21.5.0.0.jar:21.5.0.0.0]
	at oracle.jdbc.driver.OraclePreparedStatementWrapper.executeQuery(OraclePreparedStatementWrapper.java:1098) ~[ojdbc8-21.5.0.0.jar:21.5.0.0.0]
	at com.revpay.dao.UserDaoImpl.loginUserWithReturnId(UserDaoImpl.java:84) [classes/:?]
	at com.revpay.main.MainApp.main(MainApp.java:34) [classes/:?]
Caused by: oracle.jdbc.OracleDatabaseException: ORA-00942: table or view "SYSTEM"."USERS" does not exist

	at oracle.jdbc.driver.T4CTTIoer11.processError(T4CTTIoer11.java:637) ~[ojdbc8-21.5.0.0.jar:21.5.0.0.0]
	... 16 more
2026-02-07 02:11:22,176 [main] ERROR com.revpay.dao.UserDaoImpl - Error during login
java.lang.RuntimeException: ❌ Database connection failed
	at com.revpay.util.DBConnection.getConnection(DBConnection.java:19) ~[classes/:?]
	at com.revpay.dao.UserDaoImpl.loginUserWithReturnId(UserDaoImpl.java:80) [classes/:?]
	at com.revpay.main.MainApp.main(MainApp.java:34) [classes/:?]
Caused by: java.sql.SQLException: ORA-01017: invalid credential or not authorized; logon denied

	at oracle.jdbc.driver.T4CTTIoer11.processError(T4CTTIoer11.java:630) ~[ojdbc8-21.5.0.0.jar:21.5.0.0.0]
	at oracle.jdbc.driver.T4CTTIoer11.processError(T4CTTIoer11.java:559) ~[ojdbc8-21.5.0.0.jar:21.5.0.0.0]
	at oracle.jdbc.driver.T4CTTIoer11.processError(T4CTTIoer11.java:554) ~[ojdbc8-21.5.0.0.jar:21.5.0.0.0]
	at oracle.jdbc.driver.T4CTTIfun.processError(T4CTTIfun.java:1376) ~[ojdbc8-21.5.0.0.jar:21.5.0.0.0]
	at oracle.jdbc.driver.T4CTTIoauthenticate.processError(T4CTTIoauthenticate.java:782) ~[ojdbc8-21.5.0.0.jar:21.5.0.0.0]
	at oracle.jdbc.driver.T4CTTIfun.receive(T4CTTIfun.java:771) ~[ojdbc8-21.5.0.0.jar:21.5.0.0.0]
	at oracle.jdbc.driver.T4CTTIfun.doRPC(T4CTTIfun.java:299) ~[ojdbc8-21.5.0.0.jar:21.5.0.0.0]
	at oracle.jdbc.driver.T4CTTIoauthenticate.doOAUTH(T4CTTIoauthenticate.java:450) ~[ojdbc8-21.5.0.0.jar:21.5.0.0.0]
	at oracle.jdbc.driver.T4CTTIoauthenticate.doOAUTHWithO5Logon(T4CTTIoauthenticate.java:1553) ~[ojdbc8-21.5.0.0.jar:21.5.0.0.0]
	at oracle.jdbc.driver.T4CTTIoauthenticate.doOAUTH(T4CTTIoauthenticate.java:1302) ~[ojdbc8-21.5.0.0.jar:21.5.0.0.0]
	at oracle.jdbc.driver.T4CTTIoauthenticate.doOAUTH(T4CTTIoauthenticate.java:1256) ~[ojdbc8-21.5.0.0.jar:21.5.0.0.0]
	at oracle.jdbc.driver.T4CConnection.authenticateWithPassword(T4CConnection.java:1435) ~[ojdbc8-21.5.0.0.jar:21.5.0.0.0]
	at oracle.jdbc.driver.T4CConnection.authenticateUserForLogon(T4CConnection.java:1384) ~[ojdbc8-21.5.0.0.jar:21.5.0.0.0]
	at oracle.jdbc.driver.T4CConnection.logon(T4CConnection.java:667) ~[ojdbc8-21.5.0.0.jar:21.5.0.0.0]
	at oracle.jdbc.driver.PhysicalConnection.connect(PhysicalConnection.java:1042) ~[ojdbc8-21.5.0.0.jar:21.5.0.0.0]
	at oracle.jdbc.driver.T4CDriverExtension.getConnection(T4CDriverExtension.java:90) ~[ojdbc8-21.5.0.0.jar:21.5.0.0.0]
	at oracle.jdbc.driver.OracleDriver.connect(OracleDriver.java:733) ~[ojdbc8-21.5.0.0.jar:21.5.0.0.0]
	at oracle.jdbc.driver.OracleDriver.connect(OracleDriver.java:649) ~[ojdbc8-21.5.0.0.jar:21.5.0.0.0]
	at java.sql.DriverManager.getConnection(DriverManager.java:683) ~[java.sql:?]
	at java.sql.DriverManager.getConnection(DriverManager.java:230) ~[java.sql:?]
	at com.revpay.util.DBConnection.getConnection(DBConnection.java:17) ~[classes/:?]
	... 2 more
2026-02-07 02:14:16,949 [main] ERROR com.revpay.dao.UserDaoImpl - Error during login
java.sql.SQLSyntaxErrorException: ORA-00942: table or view "SYSTEM"."USERS" does not exist

	at oracle.jdbc.driver.T4CTTIoer11.processError(T4CTTIoer11.java:630) ~[ojdbc8-21.5.0.0.jar:21.5.0.0.0]
	at oracle.jdbc.driver.T4CTTIoer11.processError(T4CTTIoer11.java:564) ~[ojdbc8-21.5.0.0.jar:21.5.0.0.0]
	at oracle.jdbc.driver.T4C8Oall.processError(T4C8Oall.java:1151) ~[ojdbc8-21.5.0.0.jar:21.5.0.0.0]
	at oracle.jdbc.driver.T4CTTIfun.receive(T4CTTIfun.java:771) ~[ojdbc8-21.5.0.0.jar:21.5.0.0.0]
	at oracle.jdbc.driver.T4CTTIfun.doRPC(T4CTTIfun.java:299) ~[ojdbc8-21.5.0.0.jar:21.5.0.0.0]
	at oracle.jdbc.driver.T4C8Oall.doOALL(T4C8Oall.java:498) ~[ojdbc8-21.5.0.0.jar:21.5.0.0.0]
	at oracle.jdbc.driver.T4CPreparedStatement.doOall8(T4CPreparedStatement.java:152) ~[ojdbc8-21.5.0.0.jar:21.5.0.0.0]
	at oracle.jdbc.driver.T4CPreparedStatement.executeForDescribe(T4CPreparedStatement.java:937) ~[ojdbc8-21.5.0.0.jar:21.5.0.0.0]
	at oracle.jdbc.driver.OracleStatement.prepareDefineBufferAndExecute(OracleStatement.java:1172) ~[ojdbc8-21.5.0.0.jar:21.5.0.0.0]
	at oracle.jdbc.driver.OracleStatement.executeMaybeDescribe(OracleStatement.java:1101) ~[ojdbc8-21.5.0.0.jar:21.5.0.0.0]
	at oracle.jdbc.driver.OracleStatement.executeSQLSelect(OracleStatement.java:1426) ~[ojdbc8-21.5.0.0.jar:21.5.0.0.0]
	at oracle.jdbc.driver.OracleStatement.doExecuteWithTimeout(OracleStatement.java:1309) ~[ojdbc8-21.5.0.0.jar:21.5.0.0.0]
	at oracle.jdbc.driver.OraclePreparedStatement.executeInternal(OraclePreparedStatement.java:3746) ~[ojdbc8-21.5.0.0.jar:21.5.0.0.0]
	at oracle.jdbc.driver.OraclePreparedStatement.executeQuery(OraclePreparedStatement.java:3855) ~[ojdbc8-21.5.0.0.jar:21.5.0.0.0]
	at oracle.jdbc.driver.OraclePreparedStatementWrapper.executeQuery(OraclePreparedStatementWrapper.java:1098) ~[ojdbc8-21.5.0.0.jar:21.5.0.0.0]
	at com.revpay.dao.UserDaoImpl.loginUserWithReturnId(UserDaoImpl.java:84) [classes/:?]
	at com.revpay.main.MainApp.main(MainApp.java:34) [classes/:?]
Caused by: oracle.jdbc.OracleDatabaseException: ORA-00942: table or view "SYSTEM"."USERS" does not exist

	at oracle.jdbc.driver.T4CTTIoer11.processError(T4CTTIoer11.java:637) ~[ojdbc8-21.5.0.0.jar:21.5.0.0.0]
	... 16 more
2026-02-07 02:15:59,914 [main] ERROR com.revpay.dao.UserDaoImpl - Error during login
java.lang.RuntimeException: ❌ Database connection failed
	at com.revpay.util.DBConnection.getConnection(DBConnection.java:20) ~[classes/:?]
	at com.revpay.dao.UserDaoImpl.loginUserWithReturnId(UserDaoImpl.java:80) [classes/:?]
	at com.revpay.main.MainApp.main(MainApp.java:34) [classes/:?]
Caused by: java.sql.SQLException: ORA-01017: invalid credential or not authorized; logon denied

	at oracle.jdbc.driver.T4CTTIoer11.processError(T4CTTIoer11.java:630) ~[ojdbc8-21.5.0.0.jar:21.5.0.0.0]
	at oracle.jdbc.driver.T4CTTIoer11.processError(T4CTTIoer11.java:559) ~[ojdbc8-21.5.0.0.jar:21.5.0.0.0]
	at oracle.jdbc.driver.T4CTTIoer11.processError(T4CTTIoer11.java:554) ~[ojdbc8-21.5.0.0.jar:21.5.0.0.0]
	at oracle.jdbc.driver.T4CTTIfun.processError(T4CTTIfun.java:1376) ~[ojdbc8-21.5.0.0.jar:21.5.0.0.0]
	at oracle.jdbc.driver.T4CTTIoauthenticate.processError(T4CTTIoauthenticate.java:782) ~[ojdbc8-21.5.0.0.jar:21.5.0.0.0]
	at oracle.jdbc.driver.T4CTTIfun.receive(T4CTTIfun.java:771) ~[ojdbc8-21.5.0.0.jar:21.5.0.0.0]
	at oracle.jdbc.driver.T4CTTIfun.doRPC(T4CTTIfun.java:299) ~[ojdbc8-21.5.0.0.jar:21.5.0.0.0]
	at oracle.jdbc.driver.T4CTTIoauthenticate.doOAUTH(T4CTTIoauthenticate.java:450) ~[ojdbc8-21.5.0.0.jar:21.5.0.0.0]
	at oracle.jdbc.driver.T4CTTIoauthenticate.doOAUTHWithO5Logon(T4CTTIoauthenticate.java:1553) ~[ojdbc8-21.5.0.0.jar:21.5.0.0.0]
	at oracle.jdbc.driver.T4CTTIoauthenticate.doOAUTH(T4CTTIoauthenticate.java:1302) ~[ojdbc8-21.5.0.0.jar:21.5.0.0.0]
	at oracle.jdbc.driver.T4CTTIoauthenticate.doOAUTH(T4CTTIoauthenticate.java:1256) ~[ojdbc8-21.5.0.0.jar:21.5.0.0.0]
	at oracle.jdbc.driver.T4CConnection.authenticateWithPassword(T4CConnection.java:1435) ~[ojdbc8-21.5.0.0.jar:21.5.0.0.0]
	at oracle.jdbc.driver.T4CConnection.authenticateUserForLogon(T4CConnection.java:1384) ~[ojdbc8-21.5.0.0.jar:21.5.0.0.0]
	at oracle.jdbc.driver.T4CConnection.logon(T4CConnection.java:667) ~[ojdbc8-21.5.0.0.jar:21.5.0.0.0]
	at oracle.jdbc.driver.PhysicalConnection.connect(PhysicalConnection.java:1042) ~[ojdbc8-21.5.0.0.jar:21.5.0.0.0]
	at oracle.jdbc.driver.T4CDriverExtension.getConnection(T4CDriverExtension.java:90) ~[ojdbc8-21.5.0.0.jar:21.5.0.0.0]
	at oracle.jdbc.driver.OracleDriver.connect(OracleDriver.java:733) ~[ojdbc8-21.5.0.0.jar:21.5.0.0.0]
	at oracle.jdbc.driver.OracleDriver.connect(OracleDriver.java:649) ~[ojdbc8-21.5.0.0.jar:21.5.0.0.0]
	at java.sql.DriverManager.getConnection(DriverManager.java:683) ~[java.sql:?]
	at java.sql.DriverManager.getConnection(DriverManager.java:230) ~[java.sql:?]
	at com.revpay.util.DBConnection.getConnection(DBConnection.java:18) ~[classes/:?]
	... 2 more
2026-02-07 02:37:41,277 [main] ERROR com.revpay.dao.UserDaoImpl - Error during user registration
java.sql.SQLSyntaxErrorException: ORA-00942: table or view "REVPAY"."USERS" does not exist

	at oracle.jdbc.driver.T4CTTIoer11.processError(T4CTTIoer11.java:630) ~[ojdbc8-21.5.0.0.jar:21.5.0.0.0]
	at oracle.jdbc.driver.T4CTTIoer11.processError(T4CTTIoer11.java:564) ~[ojdbc8-21.5.0.0.jar:21.5.0.0.0]
	at oracle.jdbc.driver.T4C8Oall.processError(T4C8Oall.java:1151) ~[ojdbc8-21.5.0.0.jar:21.5.0.0.0]
	at oracle.jdbc.driver.T4CTTIfun.receive(T4CTTIfun.java:771) ~[ojdbc8-21.5.0.0.jar:21.5.0.0.0]
	at oracle.jdbc.driver.T4CTTIfun.doRPC(T4CTTIfun.java:299) ~[ojdbc8-21.5.0.0.jar:21.5.0.0.0]
	at oracle.jdbc.driver.T4C8Oall.doOALL(T4C8Oall.java:498) ~[ojdbc8-21.5.0.0.jar:21.5.0.0.0]
	at oracle.jdbc.driver.T4CPreparedStatement.doOall8(T4CPreparedStatement.java:152) ~[ojdbc8-21.5.0.0.jar:21.5.0.0.0]
	at oracle.jdbc.driver.T4CPreparedStatement.executeForRows(T4CPreparedStatement.java:1052) ~[ojdbc8-21.5.0.0.jar:21.5.0.0.0]
	at oracle.jdbc.driver.OracleStatement.executeSQLStatement(OracleStatement.java:1531) ~[ojdbc8-21.5.0.0.jar:21.5.0.0.0]
	at oracle.jdbc.driver.OracleStatement.doExecuteWithTimeout(OracleStatement.java:1311) ~[ojdbc8-21.5.0.0.jar:21.5.0.0.0]
	at oracle.jdbc.driver.OraclePreparedStatement.executeInternal(OraclePreparedStatement.java:3746) ~[ojdbc8-21.5.0.0.jar:21.5.0.0.0]
	at oracle.jdbc.driver.OraclePreparedStatement.executeLargeUpdate(OraclePreparedStatement.java:3918) ~[ojdbc8-21.5.0.0.jar:21.5.0.0.0]
	at oracle.jdbc.driver.OraclePreparedStatement.executeUpdate(OraclePreparedStatement.java:3897) ~[ojdbc8-21.5.0.0.jar:21.5.0.0.0]
	at oracle.jdbc.driver.OraclePreparedStatementWrapper.executeUpdate(OraclePreparedStatementWrapper.java:992) ~[ojdbc8-21.5.0.0.jar:21.5.0.0.0]
	at com.revpay.dao.UserDaoImpl.registerUser(UserDaoImpl.java:49) [classes/:?]
	at com.revpay.main.MainApp.main(MainApp.java:30) [classes/:?]
Caused by: oracle.jdbc.OracleDatabaseException: ORA-00942: table or view "REVPAY"."USERS" does not exist

	at oracle.jdbc.driver.T4CTTIoer11.processError(T4CTTIoer11.java:637) ~[ojdbc8-21.5.0.0.jar:21.5.0.0.0]
	... 15 more
2026-02-07 03:01:50,977 [main] ERROR com.revpay.dao.UserDaoImpl - Error during user registration
java.sql.SQLSyntaxErrorException: ORA-01950: The user REVPAY has insufficient quota on tablespace USERS.

	at oracle.jdbc.driver.T4CTTIoer11.processError(T4CTTIoer11.java:630) ~[ojdbc8-21.5.0.0.jar:21.5.0.0.0]
	at oracle.jdbc.driver.T4CTTIoer11.processError(T4CTTIoer11.java:564) ~[ojdbc8-21.5.0.0.jar:21.5.0.0.0]
	at oracle.jdbc.driver.T4C8Oall.processError(T4C8Oall.java:1151) ~[ojdbc8-21.5.0.0.jar:21.5.0.0.0]
	at oracle.jdbc.driver.T4CTTIfun.receive(T4CTTIfun.java:771) ~[ojdbc8-21.5.0.0.jar:21.5.0.0.0]
	at oracle.jdbc.driver.T4CTTIfun.doRPC(T4CTTIfun.java:299) ~[ojdbc8-21.5.0.0.jar:21.5.0.0.0]
	at oracle.jdbc.driver.T4C8Oall.doOALL(T4C8Oall.java:498) ~[ojdbc8-21.5.0.0.jar:21.5.0.0.0]
	at oracle.jdbc.driver.T4CPreparedStatement.doOall8(T4CPreparedStatement.java:152) ~[ojdbc8-21.5.0.0.jar:21.5.0.0.0]
	at oracle.jdbc.driver.T4CPreparedStatement.executeForRows(T4CPreparedStatement.java:1052) ~[ojdbc8-21.5.0.0.jar:21.5.0.0.0]
	at oracle.jdbc.driver.OracleStatement.executeSQLStatement(OracleStatement.java:1531) ~[ojdbc8-21.5.0.0.jar:21.5.0.0.0]
	at oracle.jdbc.driver.OracleStatement.doExecuteWithTimeout(OracleStatement.java:1311) ~[ojdbc8-21.5.0.0.jar:21.5.0.0.0]
	at oracle.jdbc.driver.OraclePreparedStatement.executeInternal(OraclePreparedStatement.java:3746) ~[ojdbc8-21.5.0.0.jar:21.5.0.0.0]
	at oracle.jdbc.driver.OraclePreparedStatement.executeLargeUpdate(OraclePreparedStatement.java:3918) ~[ojdbc8-21.5.0.0.jar:21.5.0.0.0]
	at oracle.jdbc.driver.OraclePreparedStatement.executeUpdate(OraclePreparedStatement.java:3897) ~[ojdbc8-21.5.0.0.jar:21.5.0.0.0]
	at oracle.jdbc.driver.OraclePreparedStatementWrapper.executeUpdate(OraclePreparedStatementWrapper.java:992) ~[ojdbc8-21.5.0.0.jar:21.5.0.0.0]
	at com.revpay.dao.UserDaoImpl.registerUser(UserDaoImpl.java:49) [classes/:?]
	at com.revpay.main.MainApp.main(MainApp.java:30) [classes/:?]
Caused by: oracle.jdbc.OracleDatabaseException: ORA-01950: The user REVPAY has insufficient quota on tablespace USERS.

	at oracle.jdbc.driver.T4CTTIoer11.processError(T4CTTIoer11.java:637) ~[ojdbc8-21.5.0.0.jar:21.5.0.0.0]
	... 15 more
2026-02-07 03:21:42,305 [main] ERROR com.revpay.dao.UserDaoImpl - Error during user registration
java.sql.SQLSyntaxErrorException: ORA-01950: The user REVPAY has insufficient quota on tablespace USERS.

	at oracle.jdbc.driver.T4CTTIoer11.processError(T4CTTIoer11.java:630) ~[ojdbc8-21.5.0.0.jar:21.5.0.0.0]
	at oracle.jdbc.driver.T4CTTIoer11.processError(T4CTTIoer11.java:564) ~[ojdbc8-21.5.0.0.jar:21.5.0.0.0]
	at oracle.jdbc.driver.T4C8Oall.processError(T4C8Oall.java:1151) ~[ojdbc8-21.5.0.0.jar:21.5.0.0.0]
	at oracle.jdbc.driver.T4CTTIfun.receive(T4CTTIfun.java:771) ~[ojdbc8-21.5.0.0.jar:21.5.0.0.0]
	at oracle.jdbc.driver.T4CTTIfun.doRPC(T4CTTIfun.java:299) ~[ojdbc8-21.5.0.0.jar:21.5.0.0.0]
	at oracle.jdbc.driver.T4C8Oall.doOALL(T4C8Oall.java:498) ~[ojdbc8-21.5.0.0.jar:21.5.0.0.0]
	at oracle.jdbc.driver.T4CPreparedStatement.doOall8(T4CPreparedStatement.java:152) ~[ojdbc8-21.5.0.0.jar:21.5.0.0.0]
	at oracle.jdbc.driver.T4CPreparedStatement.executeForRows(T4CPreparedStatement.java:1052) ~[ojdbc8-21.5.0.0.jar:21.5.0.0.0]
	at oracle.jdbc.driver.OracleStatement.executeSQLStatement(OracleStatement.java:1531) ~[ojdbc8-21.5.0.0.jar:21.5.0.0.0]
	at oracle.jdbc.driver.OracleStatement.doExecuteWithTimeout(OracleStatement.java:1311) ~[ojdbc8-21.5.0.0.jar:21.5.0.0.0]
	at oracle.jdbc.driver.OraclePreparedStatement.executeInternal(OraclePreparedStatement.java:3746) ~[ojdbc8-21.5.0.0.jar:21.5.0.0.0]
	at oracle.jdbc.driver.OraclePreparedStatement.executeLargeUpdate(OraclePreparedStatement.java:3918) ~[ojdbc8-21.5.0.0.jar:21.5.0.0.0]
	at oracle.jdbc.driver.OraclePreparedStatement.executeUpdate(OraclePreparedStatement.java:3897) ~[ojdbc8-21.5.0.0.jar:21.5.0.0.0]
	at oracle.jdbc.driver.OraclePreparedStatementWrapper.executeUpdate(OraclePreparedStatementWrapper.java:992) ~[ojdbc8-21.5.0.0.jar:21.5.0.0.0]
	at com.revpay.dao.UserDaoImpl.registerUser(UserDaoImpl.java:49) [classes/:?]
	at com.revpay.main.MainApp.main(MainApp.java:30) [classes/:?]
Caused by: oracle.jdbc.OracleDatabaseException: ORA-01950: The user REVPAY has insufficient quota on tablespace USERS.

	at oracle.jdbc.driver.T4CTTIoer11.processError(T4CTTIoer11.java:637) ~[ojdbc8-21.5.0.0.jar:21.5.0.0.0]
	... 15 more
2026-02-07 12:24:34,398 [main] ERROR com.revpay.dao.UserDaoImpl - Error during user registration
java.sql.SQLSyntaxErrorException: ORA-01950: The user REVPAY has insufficient quota on tablespace USERS.

	at oracle.jdbc.driver.T4CTTIoer11.processError(T4CTTIoer11.java:630) ~[ojdbc8-21.5.0.0.jar:21.5.0.0.0]
	at oracle.jdbc.driver.T4CTTIoer11.processError(T4CTTIoer11.java:564) ~[ojdbc8-21.5.0.0.jar:21.5.0.0.0]
	at oracle.jdbc.driver.T4C8Oall.processError(T4C8Oall.java:1151) ~[ojdbc8-21.5.0.0.jar:21.5.0.0.0]
	at oracle.jdbc.driver.T4CTTIfun.receive(T4CTTIfun.java:771) ~[ojdbc8-21.5.0.0.jar:21.5.0.0.0]
	at oracle.jdbc.driver.T4CTTIfun.doRPC(T4CTTIfun.java:299) ~[ojdbc8-21.5.0.0.jar:21.5.0.0.0]
	at oracle.jdbc.driver.T4C8Oall.doOALL(T4C8Oall.java:498) ~[ojdbc8-21.5.0.0.jar:21.5.0.0.0]
	at oracle.jdbc.driver.T4CPreparedStatement.doOall8(T4CPreparedStatement.java:152) ~[ojdbc8-21.5.0.0.jar:21.5.0.0.0]
	at oracle.jdbc.driver.T4CPreparedStatement.executeForRows(T4CPreparedStatement.java:1052) ~[ojdbc8-21.5.0.0.jar:21.5.0.0.0]
	at oracle.jdbc.driver.OracleStatement.executeSQLStatement(OracleStatement.java:1531) ~[ojdbc8-21.5.0.0.jar:21.5.0.0.0]
	at oracle.jdbc.driver.OracleStatement.doExecuteWithTimeout(OracleStatement.java:1311) ~[ojdbc8-21.5.0.0.jar:21.5.0.0.0]
	at oracle.jdbc.driver.OraclePreparedStatement.executeInternal(OraclePreparedStatement.java:3746) ~[ojdbc8-21.5.0.0.jar:21.5.0.0.0]
	at oracle.jdbc.driver.OraclePreparedStatement.executeLargeUpdate(OraclePreparedStatement.java:3918) ~[ojdbc8-21.5.0.0.jar:21.5.0.0.0]
	at oracle.jdbc.driver.OraclePreparedStatement.executeUpdate(OraclePreparedStatement.java:3897) ~[ojdbc8-21.5.0.0.jar:21.5.0.0.0]
	at oracle.jdbc.driver.OraclePreparedStatementWrapper.executeUpdate(OraclePreparedStatementWrapper.java:992) ~[ojdbc8-21.5.0.0.jar:21.5.0.0.0]
	at com.revpay.dao.UserDaoImpl.registerUser(UserDaoImpl.java:49) [classes/:?]
	at com.revpay.main.MainApp.main(MainApp.java:30) [classes/:?]
Caused by: oracle.jdbc.OracleDatabaseException: ORA-01950: The user REVPAY has insufficient quota on tablespace USERS.

	at oracle.jdbc.driver.T4CTTIoer11.processError(T4CTTIoer11.java:637) ~[ojdbc8-21.5.0.0.jar:21.5.0.0.0]
	... 15 more
2026-02-07 17:16:56,283 [main] ERROR com.revpay.dao.UserDaoImpl - Error during user registration
java.sql.SQLException: Missing IN or OUT parameter at index:: 6
	at oracle.jdbc.driver.OraclePreparedStatement.processCompletedBindRow(OraclePreparedStatement.java:2018) ~[ojdbc8-21.5.0.0.jar:21.5.0.0.0]
	at oracle.jdbc.driver.OraclePreparedStatement.executeInternal(OraclePreparedStatement.java:3736) ~[ojdbc8-21.5.0.0.jar:21.5.0.0.0]
	at oracle.jdbc.driver.OraclePreparedStatement.executeLargeUpdate(OraclePreparedStatement.java:3918) ~[ojdbc8-21.5.0.0.jar:21.5.0.0.0]
	at oracle.jdbc.driver.OraclePreparedStatement.executeUpdate(OraclePreparedStatement.java:3897) ~[ojdbc8-21.5.0.0.jar:21.5.0.0.0]
	at oracle.jdbc.driver.OraclePreparedStatementWrapper.executeUpdate(OraclePreparedStatementWrapper.java:992) ~[ojdbc8-21.5.0.0.jar:21.5.0.0.0]
	at com.revpay.dao.UserDaoImpl.registerUser(UserDaoImpl.java:51) [classes/:?]
	at com.revpay.main.MainApp.main(MainApp.java:30) [classes/:?]
2026-02-07 17:18:03,543 [main] ERROR com.revpay.dao.UserDaoImpl - Error during user registration
java.sql.SQLException: Missing IN or OUT parameter at index:: 6
	at oracle.jdbc.driver.OraclePreparedStatement.processCompletedBindRow(OraclePreparedStatement.java:2018) ~[ojdbc8-21.5.0.0.jar:21.5.0.0.0]
	at oracle.jdbc.driver.OraclePreparedStatement.executeInternal(OraclePreparedStatement.java:3736) ~[ojdbc8-21.5.0.0.jar:21.5.0.0.0]
	at oracle.jdbc.driver.OraclePreparedStatement.executeLargeUpdate(OraclePreparedStatement.java:3918) ~[ojdbc8-21.5.0.0.jar:21.5.0.0.0]
	at oracle.jdbc.driver.OraclePreparedStatement.executeUpdate(OraclePreparedStatement.java:3897) ~[ojdbc8-21.5.0.0.jar:21.5.0.0.0]
	at oracle.jdbc.driver.OraclePreparedStatementWrapper.executeUpdate(OraclePreparedStatementWrapper.java:992) ~[ojdbc8-21.5.0.0.jar:21.5.0.0.0]
	at com.revpay.dao.UserDaoImpl.registerUser(UserDaoImpl.java:51) [classes/:?]
	at com.revpay.main.MainApp.main(MainApp.java:30) [classes/:?]
2026-02-07 18:45:16,343 [main] ERROR com.revpay.dao.UserDaoImpl - Error during user registration
java.sql.SQLException: Missing IN or OUT parameter at index:: 6
	at oracle.jdbc.driver.OraclePreparedStatement.processCompletedBindRow(OraclePreparedStatement.java:2018) ~[ojdbc8-21.5.0.0.jar:21.5.0.0.0]
	at oracle.jdbc.driver.OraclePreparedStatement.executeInternal(OraclePreparedStatement.java:3736) ~[ojdbc8-21.5.0.0.jar:21.5.0.0.0]
	at oracle.jdbc.driver.OraclePreparedStatement.executeLargeUpdate(OraclePreparedStatement.java:3918) ~[ojdbc8-21.5.0.0.jar:21.5.0.0.0]
	at oracle.jdbc.driver.OraclePreparedStatement.executeUpdate(OraclePreparedStatement.java:3897) ~[ojdbc8-21.5.0.0.jar:21.5.0.0.0]
	at oracle.jdbc.driver.OraclePreparedStatementWrapper.executeUpdate(OraclePreparedStatementWrapper.java:992) ~[ojdbc8-21.5.0.0.jar:21.5.0.0.0]
	at com.revpay.dao.UserDaoImpl.registerUser(UserDaoImpl.java:51) [classes/:?]
	at com.revpay.main.MainApp.main(MainApp.java:30) [classes/:?]
2026-02-07 19:10:34,897 [main] ERROR com.revpay.dao.UserDaoImpl - Error during user registration
java.sql.SQLSyntaxErrorException: ORA-00947: not enough values

	at oracle.jdbc.driver.T4CTTIoer11.processError(T4CTTIoer11.java:630) ~[ojdbc8-21.5.0.0.jar:21.5.0.0.0]
	at oracle.jdbc.driver.T4CTTIoer11.processError(T4CTTIoer11.java:564) ~[ojdbc8-21.5.0.0.jar:21.5.0.0.0]
	at oracle.jdbc.driver.T4C8Oall.processError(T4C8Oall.java:1151) ~[ojdbc8-21.5.0.0.jar:21.5.0.0.0]
	at oracle.jdbc.driver.T4CTTIfun.receive(T4CTTIfun.java:771) ~[ojdbc8-21.5.0.0.jar:21.5.0.0.0]
	at oracle.jdbc.driver.T4CTTIfun.doRPC(T4CTTIfun.java:299) ~[ojdbc8-21.5.0.0.jar:21.5.0.0.0]
	at oracle.jdbc.driver.T4C8Oall.doOALL(T4C8Oall.java:498) ~[ojdbc8-21.5.0.0.jar:21.5.0.0.0]
	at oracle.jdbc.driver.T4CPreparedStatement.doOall8(T4CPreparedStatement.java:152) ~[ojdbc8-21.5.0.0.jar:21.5.0.0.0]
	at oracle.jdbc.driver.T4CPreparedStatement.executeForRows(T4CPreparedStatement.java:1052) ~[ojdbc8-21.5.0.0.jar:21.5.0.0.0]
	at oracle.jdbc.driver.OracleStatement.executeSQLStatement(OracleStatement.java:1531) ~[ojdbc8-21.5.0.0.jar:21.5.0.0.0]
	at oracle.jdbc.driver.OracleStatement.doExecuteWithTimeout(OracleStatement.java:1311) ~[ojdbc8-21.5.0.0.jar:21.5.0.0.0]
	at oracle.jdbc.driver.OraclePreparedStatement.executeInternal(OraclePreparedStatement.java:3746) ~[ojdbc8-21.5.0.0.jar:21.5.0.0.0]
	at oracle.jdbc.driver.OraclePreparedStatement.executeLargeUpdate(OraclePreparedStatement.java:3918) ~[ojdbc8-21.5.0.0.jar:21.5.0.0.0]
	at oracle.jdbc.driver.OraclePreparedStatement.executeUpdate(OraclePreparedStatement.java:3897) ~[ojdbc8-21.5.0.0.jar:21.5.0.0.0]
	at oracle.jdbc.driver.OraclePreparedStatementWrapper.executeUpdate(OraclePreparedStatementWrapper.java:992) ~[ojdbc8-21.5.0.0.jar:21.5.0.0.0]
	at com.revpay.dao.UserDaoImpl.registerUser(UserDaoImpl.java:51) [classes/:?]
	at com.revpay.main.MainApp.main(MainApp.java:30) [classes/:?]
Caused by: oracle.jdbc.OracleDatabaseException: ORA-00947: not enough values

	at oracle.jdbc.driver.T4CTTIoer11.processError(T4CTTIoer11.java:637) ~[ojdbc8-21.5.0.0.jar:21.5.0.0.0]
	... 15 more
2026-02-07 23:23:03,561 [main] ERROR com.revpay.dao.UserDaoImpl - Error during user registration
java.sql.SQLException: Invalid column index
	at oracle.jdbc.driver.OraclePreparedStatement.setFormOfUseInternal(OraclePreparedStatement.java:10797) ~[ojdbc8-21.5.0.0.jar:21.5.0.0.0]
	at oracle.jdbc.driver.OraclePreparedStatement.setFormOfUseInternal(OraclePreparedStatement.java:10778) ~[ojdbc8-21.5.0.0.jar:21.5.0.0.0]
	at oracle.jdbc.driver.OraclePreparedStatement.setString(OraclePreparedStatement.java:5070) ~[ojdbc8-21.5.0.0.jar:21.5.0.0.0]
	at oracle.jdbc.driver.OraclePreparedStatementWrapper.setString(OraclePreparedStatementWrapper.java:248) ~[ojdbc8-21.5.0.0.jar:21.5.0.0.0]
	at com.revpay.dao.UserDaoImpl.registerUser(UserDaoImpl.java:50) [classes/:?]
	at com.revpay.main.MainApp.main(MainApp.java:30) [classes/:?]
2026-02-07 23:30:36,817 [main] ERROR com.revpay.dao.UserDaoImpl - Error during user registration
java.sql.SQLSyntaxErrorException: ORA-02289: sequence does not exist

	at oracle.jdbc.driver.T4CTTIoer11.processError(T4CTTIoer11.java:630) ~[ojdbc8-21.5.0.0.jar:21.5.0.0.0]
	at oracle.jdbc.driver.T4CTTIoer11.processError(T4CTTIoer11.java:564) ~[ojdbc8-21.5.0.0.jar:21.5.0.0.0]
	at oracle.jdbc.driver.T4C8Oall.processError(T4C8Oall.java:1151) ~[ojdbc8-21.5.0.0.jar:21.5.0.0.0]
	at oracle.jdbc.driver.T4CTTIfun.receive(T4CTTIfun.java:771) ~[ojdbc8-21.5.0.0.jar:21.5.0.0.0]
	at oracle.jdbc.driver.T4CTTIfun.doRPC(T4CTTIfun.java:299) ~[ojdbc8-21.5.0.0.jar:21.5.0.0.0]
	at oracle.jdbc.driver.T4C8Oall.doOALL(T4C8Oall.java:498) ~[ojdbc8-21.5.0.0.jar:21.5.0.0.0]
	at oracle.jdbc.driver.T4CPreparedStatement.doOall8(T4CPreparedStatement.java:152) ~[ojdbc8-21.5.0.0.jar:21.5.0.0.0]
	at oracle.jdbc.driver.T4CPreparedStatement.executeForRows(T4CPreparedStatement.java:1052) ~[ojdbc8-21.5.0.0.jar:21.5.0.0.0]
	at oracle.jdbc.driver.OracleStatement.executeSQLStatement(OracleStatement.java:1531) ~[ojdbc8-21.5.0.0.jar:21.5.0.0.0]
	at oracle.jdbc.driver.OracleStatement.doExecuteWithTimeout(OracleStatement.java:1311) ~[ojdbc8-21.5.0.0.jar:21.5.0.0.0]
	at oracle.jdbc.driver.OraclePreparedStatement.executeInternal(OraclePreparedStatement.java:3746) ~[ojdbc8-21.5.0.0.jar:21.5.0.0.0]
	at oracle.jdbc.driver.OraclePreparedStatement.executeLargeUpdate(OraclePreparedStatement.java:3918) ~[ojdbc8-21.5.0.0.jar:21.5.0.0.0]
	at oracle.jdbc.driver.OraclePreparedStatement.executeUpdate(OraclePreparedStatement.java:3897) ~[ojdbc8-21.5.0.0.jar:21.5.0.0.0]
	at oracle.jdbc.driver.OraclePreparedStatementWrapper.executeUpdate(OraclePreparedStatementWrapper.java:992) ~[ojdbc8-21.5.0.0.jar:21.5.0.0.0]
	at com.revpay.dao.UserDaoImpl.registerUser(UserDaoImpl.java:55) [classes/:?]
	at com.revpay.main.MainApp.main(MainApp.java:30) [classes/:?]
Caused by: oracle.jdbc.OracleDatabaseException: ORA-02289: sequence does not exist

	at oracle.jdbc.driver.T4CTTIoer11.processError(T4CTTIoer11.java:637) ~[ojdbc8-21.5.0.0.jar:21.5.0.0.0]
	... 15 more
2026-02-07 23:33:07,507 [main] INFO  com.revpay.dao.UserDaoImpl - New user registered with email: asd@gmail.com
2026-02-07 23:33:29,199 [main] INFO  com.revpay.dao.UserDaoImpl - User logged in successfully: asd@gmail.com
2026-02-08 01:26:26,180 [main] INFO  com.revpay.dao.UserDaoImpl - New user registered with email: bidu@gmail.com
2026-02-08 01:26:42,947 [main] ERROR com.revpay.dao.UserDaoImpl - Error during login
java.sql.SQLException: Invalid column name
	at oracle.jdbc.driver.OracleStatement.getColumnIndexPrimitive(OracleStatement.java:4257) ~[ojdbc8-21.5.0.0.jar:21.5.0.0.0]
	at oracle.jdbc.driver.OracleStatement.getColumnIndex(OracleStatement.java:4215) ~[ojdbc8-21.5.0.0.jar:21.5.0.0.0]
	at oracle.jdbc.driver.InsensitiveScrollableResultSet.findColumn(InsensitiveScrollableResultSet.java:299) ~[ojdbc8-21.5.0.0.jar:21.5.0.0.0]
	at oracle.jdbc.driver.GeneratedResultSet.getString(GeneratedResultSet.java:662) ~[ojdbc8-21.5.0.0.jar:21.5.0.0.0]
	at com.revpay.dao.UserDaoImpl.loginUserWithReturnId(UserDaoImpl.java:106) [classes/:?]
	at com.revpay.main.MainApp.main(MainApp.java:35) [classes/:?]
2026-02-08 01:27:19,920 [main] INFO  com.revpay.dao.UserDaoImpl - New user registered with email: bnm@gmail.com
2026-02-08 01:27:43,576 [main] ERROR com.revpay.dao.UserDaoImpl - Error during login
java.sql.SQLException: Invalid column name
	at oracle.jdbc.driver.OracleStatement.getColumnIndexPrimitive(OracleStatement.java:4257) ~[ojdbc8-21.5.0.0.jar:21.5.0.0.0]
	at oracle.jdbc.driver.OracleStatement.getColumnIndex(OracleStatement.java:4215) ~[ojdbc8-21.5.0.0.jar:21.5.0.0.0]
	at oracle.jdbc.driver.InsensitiveScrollableResultSet.findColumn(InsensitiveScrollableResultSet.java:299) ~[ojdbc8-21.5.0.0.jar:21.5.0.0.0]
	at oracle.jdbc.driver.GeneratedResultSet.getString(GeneratedResultSet.java:662) ~[ojdbc8-21.5.0.0.jar:21.5.0.0.0]
	at com.revpay.dao.UserDaoImpl.loginUserWithReturnId(UserDaoImpl.java:106) [classes/:?]
	at com.revpay.main.MainApp.main(MainApp.java:35) [classes/:?]
2026-02-08 01:40:51,935 [main] ERROR com.revpay.dao.UserDaoImpl - Error during user registration
java.sql.SQLIntegrityConstraintViolationException: ORA-00001: unique constraint (REVPAY.SYS_C008535) violated on table REVPAY.USERS columns (EMAIL)
ORA-03301: (ORA-00001 details) row with column values (EMAIL:'bidu@gmail.com') already exists

	at oracle.jdbc.driver.T4CTTIoer11.processError(T4CTTIoer11.java:630) ~[ojdbc8-21.5.0.0.jar:21.5.0.0.0]
	at oracle.jdbc.driver.T4CTTIoer11.processError(T4CTTIoer11.java:564) ~[ojdbc8-21.5.0.0.jar:21.5.0.0.0]
	at oracle.jdbc.driver.T4C8Oall.processError(T4C8Oall.java:1151) ~[ojdbc8-21.5.0.0.jar:21.5.0.0.0]
	at oracle.jdbc.driver.T4CTTIfun.receive(T4CTTIfun.java:771) ~[ojdbc8-21.5.0.0.jar:21.5.0.0.0]
	at oracle.jdbc.driver.T4CTTIfun.doRPC(T4CTTIfun.java:299) ~[ojdbc8-21.5.0.0.jar:21.5.0.0.0]
	at oracle.jdbc.driver.T4C8Oall.doOALL(T4C8Oall.java:498) ~[ojdbc8-21.5.0.0.jar:21.5.0.0.0]
	at oracle.jdbc.driver.T4CPreparedStatement.doOall8(T4CPreparedStatement.java:152) ~[ojdbc8-21.5.0.0.jar:21.5.0.0.0]
	at oracle.jdbc.driver.T4CPreparedStatement.executeForRows(T4CPreparedStatement.java:1052) ~[ojdbc8-21.5.0.0.jar:21.5.0.0.0]
	at oracle.jdbc.driver.OracleStatement.executeSQLStatement(OracleStatement.java:1531) ~[ojdbc8-21.5.0.0.jar:21.5.0.0.0]
	at oracle.jdbc.driver.OracleStatement.doExecuteWithTimeout(OracleStatement.java:1311) ~[ojdbc8-21.5.0.0.jar:21.5.0.0.0]
	at oracle.jdbc.driver.OraclePreparedStatement.executeInternal(OraclePreparedStatement.java:3746) ~[ojdbc8-21.5.0.0.jar:21.5.0.0.0]
	at oracle.jdbc.driver.OraclePreparedStatement.executeLargeUpdate(OraclePreparedStatement.java:3918) ~[ojdbc8-21.5.0.0.jar:21.5.0.0.0]
	at oracle.jdbc.driver.OraclePreparedStatement.executeUpdate(OraclePreparedStatement.java:3897) ~[ojdbc8-21.5.0.0.jar:21.5.0.0.0]
	at oracle.jdbc.driver.OraclePreparedStatementWrapper.executeUpdate(OraclePreparedStatementWrapper.java:992) ~[ojdbc8-21.5.0.0.jar:21.5.0.0.0]
	at com.revpay.dao.UserDaoImpl.registerUser(UserDaoImpl.java:71) [classes/:?]
	at com.revpay.main.MainApp.main(MainApp.java:31) [classes/:?]
Caused by: oracle.jdbc.OracleDatabaseException: ORA-00001: unique constraint (REVPAY.SYS_C008535) violated on table REVPAY.USERS columns (EMAIL)
ORA-03301: (ORA-00001 details) row with column values (EMAIL:'bidu@gmail.com') already exists

	at oracle.jdbc.driver.T4CTTIoer11.processError(T4CTTIoer11.java:637) ~[ojdbc8-21.5.0.0.jar:21.5.0.0.0]
	... 15 more
2026-02-08 01:41:34,247 [main] INFO  com.revpay.dao.UserDaoImpl - User logged in successfully: bidu@gmail.com
2026-02-08 01:46:44,986 [main] INFO  com.revpay.dao.UserDaoImpl - New user registered with email: chotu@gmail.com
2026-02-08 01:47:27,917 [main] INFO  com.revpay.dao.UserDaoImpl - New user registered with email: motu@gmail.com
2026-02-08 01:47:45,034 [main] INFO  com.revpay.dao.UserDaoImpl - User logged in successfully: motu@gmail.com
2026-02-08 01:48:50,998 [main] INFO  com.revpay.service.WalletService - ₹1000.0 added to wallet for user 7
2026-02-08 03:48:12,033 [main] ERROR com.revpay.dao.UserDaoImpl - Error during user registration
java.sql.SQLSyntaxErrorException: ORA-00942: table or view "REVPAY"."WALLET" does not exist

	at oracle.jdbc.driver.T4CTTIoer11.processError(T4CTTIoer11.java:630) ~[ojdbc8-21.5.0.0.jar:21.5.0.0.0]
	at oracle.jdbc.driver.T4CTTIoer11.processError(T4CTTIoer11.java:564) ~[ojdbc8-21.5.0.0.jar:21.5.0.0.0]
	at oracle.jdbc.driver.T4C8Oall.processError(T4C8Oall.java:1151) ~[ojdbc8-21.5.0.0.jar:21.5.0.0.0]
	at oracle.jdbc.driver.T4CTTIfun.receive(T4CTTIfun.java:771) ~[ojdbc8-21.5.0.0.jar:21.5.0.0.0]
	at oracle.jdbc.driver.T4CTTIfun.doRPC(T4CTTIfun.java:299) ~[ojdbc8-21.5.0.0.jar:21.5.0.0.0]
	at oracle.jdbc.driver.T4C8Oall.doOALL(T4C8Oall.java:498) ~[ojdbc8-21.5.0.0.jar:21.5.0.0.0]
	at oracle.jdbc.driver.T4CPreparedStatement.doOall8(T4CPreparedStatement.java:152) ~[ojdbc8-21.5.0.0.jar:21.5.0.0.0]
	at oracle.jdbc.driver.T4CPreparedStatement.executeForRows(T4CPreparedStatement.java:1052) ~[ojdbc8-21.5.0.0.jar:21.5.0.0.0]
	at oracle.jdbc.driver.OracleStatement.executeSQLStatement(OracleStatement.java:1531) ~[ojdbc8-21.5.0.0.jar:21.5.0.0.0]
	at oracle.jdbc.driver.OracleStatement.doExecuteWithTimeout(OracleStatement.java:1311) ~[ojdbc8-21.5.0.0.jar:21.5.0.0.0]
	at oracle.jdbc.driver.OraclePreparedStatement.executeInternal(OraclePreparedStatement.java:3746) ~[ojdbc8-21.5.0.0.jar:21.5.0.0.0]
	at oracle.jdbc.driver.OraclePreparedStatement.executeLargeUpdate(OraclePreparedStatement.java:3918) ~[ojdbc8-21.5.0.0.jar:21.5.0.0.0]
	at oracle.jdbc.driver.OraclePreparedStatement.executeUpdate(OraclePreparedStatement.java:3897) ~[ojdbc8-21.5.0.0.jar:21.5.0.0.0]
	at oracle.jdbc.driver.OraclePreparedStatementWrapper.executeUpdate(OraclePreparedStatementWrapper.java:992) ~[ojdbc8-21.5.0.0.jar:21.5.0.0.0]
	at com.revpay.dao.UserDaoImpl.registerUser(UserDaoImpl.java:75) [classes/:?]
	at com.revpay.main.MainApp.main(MainApp.java:32) [classes/:?]
Caused by: oracle.jdbc.OracleDatabaseException: ORA-00942: table or view "REVPAY"."WALLET" does not exist

	at oracle.jdbc.driver.T4CTTIoer11.processError(T4CTTIoer11.java:637) ~[ojdbc8-21.5.0.0.jar:21.5.0.0.0]
	... 15 more
2026-02-08 03:53:29,539 [main] ERROR com.revpay.dao.UserDaoImpl - Error during user registration
java.sql.SQLSyntaxErrorException: ORA-00942: table or view "SYSTEM"."USERS" does not exist

	at oracle.jdbc.driver.T4CTTIoer11.processError(T4CTTIoer11.java:630) ~[ojdbc8-21.5.0.0.jar:21.5.0.0.0]
	at oracle.jdbc.driver.T4CTTIoer11.processError(T4CTTIoer11.java:564) ~[ojdbc8-21.5.0.0.jar:21.5.0.0.0]
	at oracle.jdbc.driver.T4C8Oall.processError(T4C8Oall.java:1151) ~[ojdbc8-21.5.0.0.jar:21.5.0.0.0]
	at oracle.jdbc.driver.T4CTTIfun.receive(T4CTTIfun.java:771) ~[ojdbc8-21.5.0.0.jar:21.5.0.0.0]
	at oracle.jdbc.driver.T4CTTIfun.doRPC(T4CTTIfun.java:299) ~[ojdbc8-21.5.0.0.jar:21.5.0.0.0]
	at oracle.jdbc.driver.T4C8Oall.doOALL(T4C8Oall.java:498) ~[ojdbc8-21.5.0.0.jar:21.5.0.0.0]
	at oracle.jdbc.driver.T4CPreparedStatement.doOall8(T4CPreparedStatement.java:152) ~[ojdbc8-21.5.0.0.jar:21.5.0.0.0]
	at oracle.jdbc.driver.T4CPreparedStatement.executeForRows(T4CPreparedStatement.java:1052) ~[ojdbc8-21.5.0.0.jar:21.5.0.0.0]
	at oracle.jdbc.driver.OracleStatement.executeSQLStatement(OracleStatement.java:1531) ~[ojdbc8-21.5.0.0.jar:21.5.0.0.0]
	at oracle.jdbc.driver.OracleStatement.doExecuteWithTimeout(OracleStatement.java:1311) ~[ojdbc8-21.5.0.0.jar:21.5.0.0.0]
	at oracle.jdbc.driver.OraclePreparedStatement.executeInternal(OraclePreparedStatement.java:3746) ~[ojdbc8-21.5.0.0.jar:21.5.0.0.0]
	at oracle.jdbc.driver.OraclePreparedStatement.executeLargeUpdate(OraclePreparedStatement.java:3918) ~[ojdbc8-21.5.0.0.jar:21.5.0.0.0]
	at oracle.jdbc.driver.OraclePreparedStatement.executeUpdate(OraclePreparedStatement.java:3897) ~[ojdbc8-21.5.0.0.jar:21.5.0.0.0]
	at oracle.jdbc.driver.OraclePreparedStatementWrapper.executeUpdate(OraclePreparedStatementWrapper.java:992) ~[ojdbc8-21.5.0.0.jar:21.5.0.0.0]
	at com.revpay.dao.UserDaoImpl.registerUser(UserDaoImpl.java:71) [classes/:?]
	at com.revpay.main.MainApp.main(MainApp.java:32) [classes/:?]
Caused by: oracle.jdbc.OracleDatabaseException: ORA-00942: table or view "SYSTEM"."USERS" does not exist

	at oracle.jdbc.driver.T4CTTIoer11.processError(T4CTTIoer11.java:637) ~[ojdbc8-21.5.0.0.jar:21.5.0.0.0]
	... 15 more
2026-02-08 04:05:44,709 [main] ERROR com.revpay.dao.UserDaoImpl - Error during user registration
java.sql.SQLIntegrityConstraintViolationException: ORA-00001: unique constraint (REVPAY.SYS_C008535) violated on table REVPAY.USERS columns (EMAIL)
ORA-03301: (ORA-00001 details) row with column values (EMAIL:'ruvika@gmail.com') already exists

	at oracle.jdbc.driver.T4CTTIoer11.processError(T4CTTIoer11.java:630) ~[ojdbc8-21.5.0.0.jar:21.5.0.0.0]
	at oracle.jdbc.driver.T4CTTIoer11.processError(T4CTTIoer11.java:564) ~[ojdbc8-21.5.0.0.jar:21.5.0.0.0]
	at oracle.jdbc.driver.T4C8Oall.processError(T4C8Oall.java:1151) ~[ojdbc8-21.5.0.0.jar:21.5.0.0.0]
	at oracle.jdbc.driver.T4CTTIfun.receive(T4CTTIfun.java:771) ~[ojdbc8-21.5.0.0.jar:21.5.0.0.0]
	at oracle.jdbc.driver.T4CTTIfun.doRPC(T4CTTIfun.java:299) ~[ojdbc8-21.5.0.0.jar:21.5.0.0.0]
	at oracle.jdbc.driver.T4C8Oall.doOALL(T4C8Oall.java:498) ~[ojdbc8-21.5.0.0.jar:21.5.0.0.0]
	at oracle.jdbc.driver.T4CPreparedStatement.doOall8(T4CPreparedStatement.java:152) ~[ojdbc8-21.5.0.0.jar:21.5.0.0.0]
	at oracle.jdbc.driver.T4CPreparedStatement.executeForRows(T4CPreparedStatement.java:1052) ~[ojdbc8-21.5.0.0.jar:21.5.0.0.0]
	at oracle.jdbc.driver.OracleStatement.executeSQLStatement(OracleStatement.java:1531) ~[ojdbc8-21.5.0.0.jar:21.5.0.0.0]
	at oracle.jdbc.driver.OracleStatement.doExecuteWithTimeout(OracleStatement.java:1311) ~[ojdbc8-21.5.0.0.jar:21.5.0.0.0]
	at oracle.jdbc.driver.OraclePreparedStatement.executeInternal(OraclePreparedStatement.java:3746) ~[ojdbc8-21.5.0.0.jar:21.5.0.0.0]
	at oracle.jdbc.driver.OraclePreparedStatement.executeLargeUpdate(OraclePreparedStatement.java:3918) ~[ojdbc8-21.5.0.0.jar:21.5.0.0.0]
	at oracle.jdbc.driver.OraclePreparedStatement.executeUpdate(OraclePreparedStatement.java:3897) ~[ojdbc8-21.5.0.0.jar:21.5.0.0.0]
	at oracle.jdbc.driver.OraclePreparedStatementWrapper.executeUpdate(OraclePreparedStatementWrapper.java:992) ~[ojdbc8-21.5.0.0.jar:21.5.0.0.0]
	at com.revpay.dao.UserDaoImpl.registerUser(UserDaoImpl.java:71) [classes/:?]
	at com.revpay.main.MainApp.main(MainApp.java:32) [classes/:?]
Caused by: oracle.jdbc.OracleDatabaseException: ORA-00001: unique constraint (REVPAY.SYS_C008535) violated on table REVPAY.USERS columns (EMAIL)
ORA-03301: (ORA-00001 details) row with column values (EMAIL:'ruvika@gmail.com') already exists

	at oracle.jdbc.driver.T4CTTIoer11.processError(T4CTTIoer11.java:637) ~[ojdbc8-21.5.0.0.jar:21.5.0.0.0]
	... 15 more
2026-02-08 04:06:51,738 [main] ERROR com.revpay.dao.UserDaoImpl - Error during user registration
java.sql.SQLSyntaxErrorException: ORA-00942: table or view "REVPAY"."WALLET" does not exist

	at oracle.jdbc.driver.T4CTTIoer11.processError(T4CTTIoer11.java:630) ~[ojdbc8-21.5.0.0.jar:21.5.0.0.0]
	at oracle.jdbc.driver.T4CTTIoer11.processError(T4CTTIoer11.java:564) ~[ojdbc8-21.5.0.0.jar:21.5.0.0.0]
	at oracle.jdbc.driver.T4C8Oall.processError(T4C8Oall.java:1151) ~[ojdbc8-21.5.0.0.jar:21.5.0.0.0]
	at oracle.jdbc.driver.T4CTTIfun.receive(T4CTTIfun.java:771) ~[ojdbc8-21.5.0.0.jar:21.5.0.0.0]
	at oracle.jdbc.driver.T4CTTIfun.doRPC(T4CTTIfun.java:299) ~[ojdbc8-21.5.0.0.jar:21.5.0.0.0]
	at oracle.jdbc.driver.T4C8Oall.doOALL(T4C8Oall.java:498) ~[ojdbc8-21.5.0.0.jar:21.5.0.0.0]
	at oracle.jdbc.driver.T4CPreparedStatement.doOall8(T4CPreparedStatement.java:152) ~[ojdbc8-21.5.0.0.jar:21.5.0.0.0]
	at oracle.jdbc.driver.T4CPreparedStatement.executeForRows(T4CPreparedStatement.java:1052) ~[ojdbc8-21.5.0.0.jar:21.5.0.0.0]
	at oracle.jdbc.driver.OracleStatement.executeSQLStatement(OracleStatement.java:1531) ~[ojdbc8-21.5.0.0.jar:21.5.0.0.0]
	at oracle.jdbc.driver.OracleStatement.doExecuteWithTimeout(OracleStatement.java:1311) ~[ojdbc8-21.5.0.0.jar:21.5.0.0.0]
	at oracle.jdbc.driver.OraclePreparedStatement.executeInternal(OraclePreparedStatement.java:3746) ~[ojdbc8-21.5.0.0.jar:21.5.0.0.0]
	at oracle.jdbc.driver.OraclePreparedStatement.executeLargeUpdate(OraclePreparedStatement.java:3918) ~[ojdbc8-21.5.0.0.jar:21.5.0.0.0]
	at oracle.jdbc.driver.OraclePreparedStatement.executeUpdate(OraclePreparedStatement.java:3897) ~[ojdbc8-21.5.0.0.jar:21.5.0.0.0]
	at oracle.jdbc.driver.OraclePreparedStatementWrapper.executeUpdate(OraclePreparedStatementWrapper.java:992) ~[ojdbc8-21.5.0.0.jar:21.5.0.0.0]
	at com.revpay.dao.UserDaoImpl.registerUser(UserDaoImpl.java:75) [classes/:?]
	at com.revpay.main.MainApp.main(MainApp.java:32) [classes/:?]
Caused by: oracle.jdbc.OracleDatabaseException: ORA-00942: table or view "REVPAY"."WALLET" does not exist

	at oracle.jdbc.driver.T4CTTIoer11.processError(T4CTTIoer11.java:637) ~[ojdbc8-21.5.0.0.jar:21.5.0.0.0]
	... 15 more
2026-02-08 04:15:59,463 [main] INFO  com.revpay.dao.UserDaoImpl - New user registered with email: ruvika.d@gmail.com
2026-02-08 04:17:22,865 [main] INFO  com.revpay.dao.UserDaoImpl - User logged in successfully: ruvika.d@gmail.com
2026-02-08 04:17:34,025 [main] INFO  com.revpay.service.WalletService - ₹1000.0 added to wallet for user 11
2026-02-08 04:19:13,936 [main] INFO  com.revpay.dao.UserDaoImpl - New user registered with email: sona@gmail.com
2026-02-08 04:19:36,522 [main] INFO  com.revpay.dao.UserDaoImpl - User logged in successfully: ruvika.d@gmail.com
2026-02-08 04:19:51,553 [main] INFO  com.revpay.service.TransferService - ₹300.0 transferred from user 11 to user 0
2026-02-08 04:21:48,495 [main] INFO  com.revpay.service.TransferService - ₹300.0 transferred from user 11 to user 0
2026-02-08 04:22:43,138 [main] INFO  com.revpay.dao.UserDaoImpl - User logged in successfully: ruvika.d@gmail.com
2026-02-08 04:22:50,492 [main] INFO  com.revpay.service.WalletService - Wallet balance checked for user 11 : ₹1600.0
2026-02-08 04:23:18,318 [main] INFO  com.revpay.service.TransferService - ₹300.0 transferred from user 11 to user 0
2026-02-08 04:24:21,364 [main] INFO  com.revpay.dao.UserDaoImpl - User logged in successfully: ruvika.d@gmail.com
2026-02-08 04:24:29,687 [main] INFO  com.revpay.service.WalletService - Wallet balance checked for user 11 : ₹1900.0
2026-02-08 04:28:42,871 [main] INFO  com.revpay.dao.UserDaoImpl - User logged in successfully: ruvika.d@gmail.com
2026-02-08 04:28:52,328 [main] INFO  com.revpay.service.WalletService - ₹100.0 added to wallet for user 11
2026-02-08 04:29:02,434 [main] INFO  com.revpay.service.WalletService - Wallet balance checked for user 11 : ₹2000.0
2026-02-08 04:29:15,748 [main] INFO  com.revpay.service.TransferService - ₹500.0 transferred from user 11 to user 0
2026-02-08 04:34:21,518 [main] INFO  com.revpay.dao.UserDaoImpl - User logged in successfully: ruvika.d@gmail.com
2026-02-08 04:34:25,648 [main] INFO  com.revpay.service.WalletService - Wallet balance checked for user 11 : ₹1500.0
2026-02-08 04:34:48,519 [main] INFO  com.revpay.service.TransferService - ₹15.0 transferred from user 11 to user 0
2026-02-08 04:38:01,397 [main] INFO  com.revpay.dao.UserDaoImpl - User logged in successfully: ruvika.d@gmail.com
2026-02-08 04:38:05,591 [main] INFO  com.revpay.service.WalletService - Wallet balance checked for user 11 : ₹1485.0
2026-02-08 04:38:21,646 [main] INFO  com.revpay.service.TransferService - ₹85.0 transferred from user 11 to user 12
2026-02-08 04:38:32,351 [main] INFO  com.revpay.service.WalletService - Wallet balance checked for user 11 : ₹1400.0
2026-02-08 04:38:45,017 [main] INFO  com.revpay.service.RequestMoneyService - User 11 requested ₹15.0 from 0
2026-02-08 04:53:40,564 [main] INFO  com.revpay.dao.UserDaoImpl - User logged in successfully: ruvika.d@gmail.com
2026-02-08 04:58:58,567 [main] INFO  com.revpay.dao.UserDaoImpl - User logged in successfully: ruvika.d@gmail.com
2026-02-08 04:59:05,576 [main] INFO  com.revpay.service.WalletService - ₹500.0 added to wallet for user 11
2026-02-08 04:59:11,898 [main] INFO  com.revpay.service.WalletService - Wallet balance checked for user 11 : ₹1900.0
2026-02-08 04:59:27,623 [main] INFO  com.revpay.service.TransferService - ₹400.0 transferred from user 11 to user 12
2026-02-08 05:08:16,067 [main] INFO  com.revpay.dao.UserDaoImpl - User logged in successfully: ruvika.d@gmail.com
2026-02-08 05:09:39,429 [main] INFO  com.revpay.dao.UserDaoImpl - New user registered with email: radha@gmail.com
2026-02-08 05:09:51,927 [main] INFO  com.revpay.dao.UserDaoImpl - User logged in successfully: sona@gmail.com
2026-02-08 05:10:09,491 [main] INFO  com.revpay.service.RequestMoneyService - Request 1 accepted by 12
2026-02-08 05:10:26,148 [main] INFO  com.revpay.service.WalletService - Wallet balance checked for user 12 : ₹285.0
2026-02-08 05:10:42,143 [main] INFO  com.revpay.dao.UserDaoImpl - User logged in successfully: radha@gmail.com
2026-02-08 05:26:16,551 [main] INFO  com.revpay.dao.UserDaoImpl - User logged in successfully: radha@gmail.com
2026-02-08 05:58:34,450 [main] INFO  com.revpay.dao.UserDaoImpl - User logged in successfully: radha@gmail.com
2026-02-08 16:01:41,354 [main] INFO  com.revpay.dao.UserDaoImpl - User logged in successfully: radha@gmail.com
2026-02-08 16:01:50,947 [main] INFO  com.revpay.service.WalletService - ₹20.0 added to wallet for user 13
2026-02-08 16:01:56,650 [main] INFO  com.revpay.service.WalletService - Wallet balance checked for user 13 : ₹20.0
2026-02-08 16:02:09,129 [main] INFO  com.revpay.service.WalletService - ₹980.0 added to wallet for user 13
2026-02-08 16:02:14,590 [main] INFO  com.revpay.service.WalletService - Wallet balance checked for user 13 : ₹1000.0
2026-02-08 16:02:32,649 [main] INFO  com.revpay.service.TransferService - ₹200.0 transferred from user 13 to user 12
2026-02-08 16:08:59,106 [main] INFO  com.revpay.dao.UserDaoImpl - User logged in successfully: radha@gmail.com
2026-02-08 16:09:17,660 [main] INFO  com.revpay.service.LoanService - Loan application submitted by business 13
2026-02-08 16:21:02,297 [main] INFO  com.revpay.dao.UserDaoImpl - User logged in successfully: radha@gmail.com
2026-02-08 16:37:55,787 [main] INFO  com.revpay.dao.UserDaoImpl - User logged in successfully: radha@gmail.com
2026-02-08 16:43:46,972 [main] INFO  com.revpay.dao.UserDaoImpl - User logged in successfully: radha@gmail.com
2026-02-08 16:47:50,313 [main] INFO  com.revpay.dao.UserDaoImpl - User logged in successfully: radha@gmail.com
2026-02-08 17:10:50,374 [main] INFO  com.revpay.dao.UserDaoImpl - User logged in successfully: radha@gmail.com
2026-02-08 19:38:41,113 [main] INFO  com.revpay.service.TransferService - ₹300.0 transferred from user 13 to user 12
2026-02-08 23:48:15,317 [main] INFO  com.revpay.service.WalletService - ₹500.0 added to wallet for user 13
2026-02-08 23:48:18,558 [main] INFO  com.revpay.service.WalletService - Wallet balance checked for user 13 : ₹1000.0
2026-02-08 23:51:12,507 [main] INFO  com.revpay.service.WalletService - Wallet balance checked for user 12 : ₹785.0
2026-02-08 23:51:30,828 [main] INFO  com.revpay.service.TransferService - ₹400.0 transferred from user 12 to user 13
2026-02-08 23:51:36,136 [main] INFO  com.revpay.service.WalletService - Wallet balance checked for user 12 : ₹385.0
2026-02-08 23:55:23,169 [main] INFO  com.revpay.service.LoanService - Loan application submitted by business 13
2026-02-09 00:08:33,953 [main] INFO  com.revpay.service.LoanService - Loan application submitted by business 13
2026-02-09 00:46:41,348 [main] INFO  com.revpay.service.LoanService - Loan application submitted by business 13
2026-02-10 00:27:02,005 [main] INFO  com.revpay.dao.UserDaoImpl - New user registered with email: samruddhi@gmail.com
2026-02-10 00:30:32,306 [main] INFO  com.revpay.dao.UserDaoImpl - New user registered with email: payal@gmail.com
2026-02-10 00:32:08,855 [main] INFO  com.revpay.service.WalletService - ₹1200.0 added to wallet for user 15
2026-02-10 00:32:14,893 [main] INFO  com.revpay.service.WalletService - Wallet balance checked for user 15 : ₹1200.0
2026-02-10 00:32:38,802 [main] INFO  com.revpay.service.TransferService - ₹200.0 transferred from user 15 to user 14
2026-02-10 00:33:47,075 [main] INFO  com.revpay.dao.UserDaoImpl - New user registered with email: kashishk@gmail.com
2026-02-10 12:37:09,137 [main] INFO  com.revpay.service.LoanService - Loan application submitted by business 13
2026-02-10 21:35:17,938 [main] INFO  com.revpay.dao.UserDaoImpl - New user registered with email: kk..
2026-02-10 21:35:59,351 [main] INFO  com.revpay.dao.UserDaoImpl - New user registered with email: kk@gmail.com
2026-02-10 22:11:07,381 [main] INFO  com.revpay.dao.UserDaoImpl - New user registered with email: kvk@gmail.com
2026-02-10 22:19:08,581 [main] INFO  com.revpay.dao.UserDaoImpl - New user registered with email: kashishkallurwar2003@gmail.com
2026-02-10 22:42:44,202 [main] ERROR com.revpay.dao.UserDaoImpl - Error during user registration
java.sql.SQLIntegrityConstraintViolationException: ORA-00001: unique constraint (REVPAY.SYS_C008535) violated on table REVPAY.USERS columns (EMAIL)
ORA-03301: (ORA-00001 details) row with column values (EMAIL:'kk@gmail.com') already exists

	at oracle.jdbc.driver.T4CTTIoer11.processError(T4CTTIoer11.java:630) ~[ojdbc8-21.5.0.0.jar:21.5.0.0.0]
	at oracle.jdbc.driver.T4CTTIoer11.processError(T4CTTIoer11.java:564) ~[ojdbc8-21.5.0.0.jar:21.5.0.0.0]
	at oracle.jdbc.driver.T4C8Oall.processError(T4C8Oall.java:1151) ~[ojdbc8-21.5.0.0.jar:21.5.0.0.0]
	at oracle.jdbc.driver.T4CTTIfun.receive(T4CTTIfun.java:771) ~[ojdbc8-21.5.0.0.jar:21.5.0.0.0]
	at oracle.jdbc.driver.T4CTTIfun.doRPC(T4CTTIfun.java:299) ~[ojdbc8-21.5.0.0.jar:21.5.0.0.0]
	at oracle.jdbc.driver.T4C8Oall.doOALL(T4C8Oall.java:498) ~[ojdbc8-21.5.0.0.jar:21.5.0.0.0]
	at oracle.jdbc.driver.T4CPreparedStatement.doOall8(T4CPreparedStatement.java:152) ~[ojdbc8-21.5.0.0.jar:21.5.0.0.0]
	at oracle.jdbc.driver.T4CPreparedStatement.executeForRows(T4CPreparedStatement.java:1052) ~[ojdbc8-21.5.0.0.jar:21.5.0.0.0]
	at oracle.jdbc.driver.OracleStatement.executeSQLStatement(OracleStatement.java:1531) ~[ojdbc8-21.5.0.0.jar:21.5.0.0.0]
	at oracle.jdbc.driver.OracleStatement.doExecuteWithTimeout(OracleStatement.java:1311) ~[ojdbc8-21.5.0.0.jar:21.5.0.0.0]
	at oracle.jdbc.driver.OraclePreparedStatement.executeInternal(OraclePreparedStatement.java:3746) ~[ojdbc8-21.5.0.0.jar:21.5.0.0.0]
	at oracle.jdbc.driver.OraclePreparedStatement.executeLargeUpdate(OraclePreparedStatement.java:3918) ~[ojdbc8-21.5.0.0.jar:21.5.0.0.0]
	at oracle.jdbc.driver.OraclePreparedStatement.executeUpdate(OraclePreparedStatement.java:3897) ~[ojdbc8-21.5.0.0.jar:21.5.0.0.0]
	at oracle.jdbc.driver.OraclePreparedStatementWrapper.executeUpdate(OraclePreparedStatementWrapper.java:992) ~[ojdbc8-21.5.0.0.jar:21.5.0.0.0]
	at com.revpay.dao.UserDaoImpl.registerUser(UserDaoImpl.java:78) [classes/:?]
	at com.revpay.main.MainApp.main(MainApp.java:37) [classes/:?]
Caused by: oracle.jdbc.OracleDatabaseException: ORA-00001: unique constraint (REVPAY.SYS_C008535) violated on table REVPAY.USERS columns (EMAIL)
ORA-03301: (ORA-00001 details) row with column values (EMAIL:'kk@gmail.com') already exists

	at oracle.jdbc.driver.T4CTTIoer11.processError(T4CTTIoer11.java:637) ~[ojdbc8-21.5.0.0.jar:21.5.0.0.0]
	... 15 more
2026-02-10 22:44:31,884 [main] INFO  com.revpay.dao.UserDaoImpl - New user registered with email: usera@gmail.com
2026-02-10 22:59:01,091 [main] INFO  com.revpay.dao.UserDaoImpl - New user registered with email: jkl@gmail.com
2026-02-10 23:56:52,693 [main] INFO  com.revpay.dao.UserDaoImpl - New user registered with email: qwe@gmail.com
2026-02-11 00:25:54,854 [main] INFO  com.revpay.dao.UserDaoImpl - New user registered with email: poi@gmail.com
2026-02-11 00:43:16,160 [main] INFO  com.revpay.service.WalletService - ₹2000.0 added to wallet for user 25
2026-02-11 00:52:58,602 [main] INFO  com.revpay.service.WalletService - Wallet balance checked for user 25 : ₹2000.0
2026-02-11 12:48:44,858 [main] INFO  com.revpay.dao.UserDaoImpl - New user registered with email: bny@gmail.com
2026-02-11 12:51:50,179 [main] INFO  com.revpay.service.WalletService - ₹500.0 added to wallet for user 26
2026-02-11 12:51:54,146 [main] INFO  com.revpay.service.WalletService - Wallet balance checked for user 26 : ₹500.0
2026-02-11 12:52:07,816 [main] INFO  com.revpay.service.TransferService - ₹200.0 transferred from user 26 to user 12
2026-02-11 12:53:14,080 [main] INFO  com.revpay.service.TransferService - ₹200.0 transferred from user 26 to user 13
2026-02-13 01:33:50,475 [main] INFO  com.revpay.service.WalletService - Wallet balance checked for user 13 : ₹18400.0
2026-02-13 01:34:36,090 [main] INFO  com.revpay.service.WalletService - Wallet balance checked for user 13 : ₹3200.0
2026-02-13 01:35:05,393 [main] INFO  com.revpay.service.TransferService - ₹1000.0 transferred from user 13 to user 26
2026-02-13 01:50:30,023 [main] INFO  com.revpay.service.WalletService - Wallet balance checked for user 13 : ₹5700.0
2026-02-13 01:50:49,035 [main] INFO  com.revpay.service.WalletService - Wallet balance checked for user 13 : ₹3690.0
2026-02-13 16:03:23,016 [main] INFO  com.revpay.service.WalletService - ₹5000.0 added to wallet for user 13
2026-02-13 16:03:24,900 [main] INFO  com.revpay.service.WalletService - Wallet balance checked for user 13 : ₹8690.0
2026-02-13 17:19:07,302 [main] INFO  com.revpay.service.TransferService - ₹500.0 transferred from user 13 to user 26
2026-02-15 01:00:18,319 [main] INFO  com.revpay.service.RequestMoneyService - Request 61 cancelled by 13
2026-02-15 02:08:26,585 [main] INFO  com.revpay.service.TransferService - ₹500.0 transferred from user 13 to user 26
2026-02-15 02:09:36,376 [main] INFO  com.revpay.dao.UserDaoImpl - New user registered with email: k@gmail.com
2026-02-15 02:09:54,548 [main] INFO  com.revpay.service.WalletService - ₹500.0 added to wallet for user 27
2026-02-15 02:10:16,695 [main] INFO  com.revpay.service.TransferService - ₹300.0 transferred from user 27 to user 13
2026-02-15 02:10:37,531 [main] INFO  com.revpay.service.WalletService - ₹4500.0 added to wallet for user 27
2026-02-15 02:10:40,393 [main] INFO  com.revpay.service.WalletService - Wallet balance checked for user 27 : ₹4700.0
2026-02-15 02:10:56,511 [main] INFO  com.revpay.service.TransferService - ₹400.0 transferred from user 27 to user 26
2026-02-15 02:41:33,098 [main] INFO  com.revpay.service.TransferService - ₹400.0 transferred from user 27 to user 26
2026-02-16 00:11:30,630 [main] INFO  com.revpay.dao.UserDaoImpl - New user registered with email: kavya@gmail.com
2026-02-17 09:29:45,647 [main] ERROR com.revpay.dao.UserDaoImpl - Error during user registration
java.sql.SQLIntegrityConstraintViolationException: ORA-00001: unique constraint (REVPAY.SYS_C008535) violated on table REVPAY.USERS columns (EMAIL)
ORA-03301: (ORA-00001 details) row with column values (EMAIL:'kvk@gmail.com') already exists

	at oracle.jdbc.driver.T4CTTIoer11.processError(T4CTTIoer11.java:630) ~[ojdbc8-21.5.0.0.jar:21.5.0.0.0]
	at oracle.jdbc.driver.T4CTTIoer11.processError(T4CTTIoer11.java:564) ~[ojdbc8-21.5.0.0.jar:21.5.0.0.0]
	at oracle.jdbc.driver.T4C8Oall.processError(T4C8Oall.java:1151) ~[ojdbc8-21.5.0.0.jar:21.5.0.0.0]
	at oracle.jdbc.driver.T4CTTIfun.receive(T4CTTIfun.java:771) ~[ojdbc8-21.5.0.0.jar:21.5.0.0.0]
	at oracle.jdbc.driver.T4CTTIfun.doRPC(T4CTTIfun.java:299) ~[ojdbc8-21.5.0.0.jar:21.5.0.0.0]
	at oracle.jdbc.driver.T4C8Oall.doOALL(T4C8Oall.java:498) ~[ojdbc8-21.5.0.0.jar:21.5.0.0.0]
	at oracle.jdbc.driver.T4CPreparedStatement.doOall8(T4CPreparedStatement.java:152) ~[ojdbc8-21.5.0.0.jar:21.5.0.0.0]
	at oracle.jdbc.driver.T4CPreparedStatement.executeForRows(T4CPreparedStatement.java:1052) ~[ojdbc8-21.5.0.0.jar:21.5.0.0.0]
	at oracle.jdbc.driver.OracleStatement.executeSQLStatement(OracleStatement.java:1531) ~[ojdbc8-21.5.0.0.jar:21.5.0.0.0]
	at oracle.jdbc.driver.OracleStatement.doExecuteWithTimeout(OracleStatement.java:1311) ~[ojdbc8-21.5.0.0.jar:21.5.0.0.0]
	at oracle.jdbc.driver.OraclePreparedStatement.executeInternal(OraclePreparedStatement.java:3746) ~[ojdbc8-21.5.0.0.jar:21.5.0.0.0]
	at oracle.jdbc.driver.OraclePreparedStatement.executeLargeUpdate(OraclePreparedStatement.java:3918) ~[ojdbc8-21.5.0.0.jar:21.5.0.0.0]
	at oracle.jdbc.driver.OraclePreparedStatement.executeUpdate(OraclePreparedStatement.java:3897) ~[ojdbc8-21.5.0.0.jar:21.5.0.0.0]
	at oracle.jdbc.driver.OraclePreparedStatementWrapper.executeUpdate(OraclePreparedStatementWrapper.java:992) ~[ojdbc8-21.5.0.0.jar:21.5.0.0.0]
	at com.revpay.dao.UserDaoImpl.registerUser(UserDaoImpl.java:70) [classes/:?]
	at com.revpay.main.MainApp.main(MainApp.java:38) [classes/:?]
Caused by: oracle.jdbc.OracleDatabaseException: ORA-00001: unique constraint (REVPAY.SYS_C008535) violated on table REVPAY.USERS columns (EMAIL)
ORA-03301: (ORA-00001 details) row with column values (EMAIL:'kvk@gmail.com') already exists

	at oracle.jdbc.driver.T4CTTIoer11.processError(T4CTTIoer11.java:637) ~[ojdbc8-21.5.0.0.jar:21.5.0.0.0]
	... 15 more
2026-02-17 09:30:29,511 [main] ERROR com.revpay.dao.UserDaoImpl - Error during user registration
java.sql.SQLIntegrityConstraintViolationException: ORA-00001: unique constraint (REVPAY.SYS_C008535) violated on table REVPAY.USERS columns (EMAIL)
ORA-03301: (ORA-00001 details) row with column values (EMAIL:'kk@gmail.com') already exists

	at oracle.jdbc.driver.T4CTTIoer11.processError(T4CTTIoer11.java:630) ~[ojdbc8-21.5.0.0.jar:21.5.0.0.0]
	at oracle.jdbc.driver.T4CTTIoer11.processError(T4CTTIoer11.java:564) ~[ojdbc8-21.5.0.0.jar:21.5.0.0.0]
	at oracle.jdbc.driver.T4C8Oall.processError(T4C8Oall.java:1151) ~[ojdbc8-21.5.0.0.jar:21.5.0.0.0]
	at oracle.jdbc.driver.T4CTTIfun.receive(T4CTTIfun.java:771) ~[ojdbc8-21.5.0.0.jar:21.5.0.0.0]
	at oracle.jdbc.driver.T4CTTIfun.doRPC(T4CTTIfun.java:299) ~[ojdbc8-21.5.0.0.jar:21.5.0.0.0]
	at oracle.jdbc.driver.T4C8Oall.doOALL(T4C8Oall.java:498) ~[ojdbc8-21.5.0.0.jar:21.5.0.0.0]
	at oracle.jdbc.driver.T4CPreparedStatement.doOall8(T4CPreparedStatement.java:152) ~[ojdbc8-21.5.0.0.jar:21.5.0.0.0]
	at oracle.jdbc.driver.T4CPreparedStatement.executeForRows(T4CPreparedStatement.java:1052) ~[ojdbc8-21.5.0.0.jar:21.5.0.0.0]
	at oracle.jdbc.driver.OracleStatement.executeSQLStatement(OracleStatement.java:1531) ~[ojdbc8-21.5.0.0.jar:21.5.0.0.0]
	at oracle.jdbc.driver.OracleStatement.doExecuteWithTimeout(OracleStatement.java:1311) ~[ojdbc8-21.5.0.0.jar:21.5.0.0.0]
	at oracle.jdbc.driver.OraclePreparedStatement.executeInternal(OraclePreparedStatement.java:3746) ~[ojdbc8-21.5.0.0.jar:21.5.0.0.0]
	at oracle.jdbc.driver.OraclePreparedStatement.executeLargeUpdate(OraclePreparedStatement.java:3918) ~[ojdbc8-21.5.0.0.jar:21.5.0.0.0]
	at oracle.jdbc.driver.OraclePreparedStatement.executeUpdate(OraclePreparedStatement.java:3897) ~[ojdbc8-21.5.0.0.jar:21.5.0.0.0]
	at oracle.jdbc.driver.OraclePreparedStatementWrapper.executeUpdate(OraclePreparedStatementWrapper.java:992) ~[ojdbc8-21.5.0.0.jar:21.5.0.0.0]
	at com.revpay.dao.UserDaoImpl.registerUser(UserDaoImpl.java:70) [classes/:?]
	at com.revpay.main.MainApp.main(MainApp.java:38) [classes/:?]
Caused by: oracle.jdbc.OracleDatabaseException: ORA-00001: unique constraint (REVPAY.SYS_C008535) violated on table REVPAY.USERS columns (EMAIL)
ORA-03301: (ORA-00001 details) row with column values (EMAIL:'kk@gmail.com') already exists

	at oracle.jdbc.driver.T4CTTIoer11.processError(T4CTTIoer11.java:637) ~[ojdbc8-21.5.0.0.jar:21.5.0.0.0]
	... 15 more
2026-02-17 09:31:16,448 [main] INFO  com.revpay.dao.UserDaoImpl - New user registered with email: abc@gmail.com
2026-02-17 09:31:55,243 [main] INFO  com.revpay.service.WalletService - ₹4500.0 added to wallet for user 31
2026-02-17 09:31:56,363 [main] INFO  com.revpay.service.WalletService - Wallet balance checked for user 31 : ₹4500.0
2026-02-17 09:32:52,649 [main] INFO  com.revpay.service.TransferService - ₹400.0 transferred from user 31 to user 26
2026-02-19 00:45:52,645 [main] INFO  com.revpay.dao.UserDaoImpl - New user registered with email: kash@gmail.com
2026-02-19 00:55:54,467 [main] INFO  com.revpay.dao.UserDaoImpl - New user registered with email: vaishu@gmail.com
2026-02-19 20:15:41,482 [main] ERROR com.revpay.dao.UserDaoImpl - Error during user registration
java.sql.SQLIntegrityConstraintViolationException: ORA-00001: unique constraint (REVPAY.SYS_C008536) violated on table REVPAY.USERS columns (PHONE)
ORA-03301: (ORA-00001 details) row with column values (PHONE:'9999999999') already exists

	at oracle.jdbc.driver.T4CTTIoer11.processError(T4CTTIoer11.java:630) ~[ojdbc8-21.5.0.0.jar:21.5.0.0.0]
	at oracle.jdbc.driver.T4CTTIoer11.processError(T4CTTIoer11.java:564) ~[ojdbc8-21.5.0.0.jar:21.5.0.0.0]
	at oracle.jdbc.driver.T4C8Oall.processError(T4C8Oall.java:1151) ~[ojdbc8-21.5.0.0.jar:21.5.0.0.0]
	at oracle.jdbc.driver.T4CTTIfun.receive(T4CTTIfun.java:771) ~[ojdbc8-21.5.0.0.jar:21.5.0.0.0]
	at oracle.jdbc.driver.T4CTTIfun.doRPC(T4CTTIfun.java:299) ~[ojdbc8-21.5.0.0.jar:21.5.0.0.0]
	at oracle.jdbc.driver.T4C8Oall.doOALL(T4C8Oall.java:498) ~[ojdbc8-21.5.0.0.jar:21.5.0.0.0]
	at oracle.jdbc.driver.T4CPreparedStatement.doOall8(T4CPreparedStatement.java:152) ~[ojdbc8-21.5.0.0.jar:21.5.0.0.0]
	at oracle.jdbc.driver.T4CPreparedStatement.executeForRows(T4CPreparedStatement.java:1052) ~[ojdbc8-21.5.0.0.jar:21.5.0.0.0]
	at oracle.jdbc.driver.OracleStatement.executeSQLStatement(OracleStatement.java:1531) ~[ojdbc8-21.5.0.0.jar:21.5.0.0.0]
	at oracle.jdbc.driver.OracleStatement.doExecuteWithTimeout(OracleStatement.java:1311) ~[ojdbc8-21.5.0.0.jar:21.5.0.0.0]
	at oracle.jdbc.driver.OraclePreparedStatement.executeInternal(OraclePreparedStatement.java:3746) ~[ojdbc8-21.5.0.0.jar:21.5.0.0.0]
	at oracle.jdbc.driver.OraclePreparedStatement.executeLargeUpdate(OraclePreparedStatement.java:3918) ~[ojdbc8-21.5.0.0.jar:21.5.0.0.0]
	at oracle.jdbc.driver.OraclePreparedStatement.executeUpdate(OraclePreparedStatement.java:3897) ~[ojdbc8-21.5.0.0.jar:21.5.0.0.0]
	at oracle.jdbc.driver.OraclePreparedStatementWrapper.executeUpdate(OraclePreparedStatementWrapper.java:992) ~[ojdbc8-21.5.0.0.jar:21.5.0.0.0]
	at com.revpay.dao.UserDaoImpl.registerUser(UserDaoImpl.java:70) [classes/:?]
	at com.revpay.main.MainApp.main(MainApp.java:38) [classes/:?]
Caused by: oracle.jdbc.OracleDatabaseException: ORA-00001: unique constraint (REVPAY.SYS_C008536) violated on table REVPAY.USERS columns (PHONE)
ORA-03301: (ORA-00001 details) row with column values (PHONE:'9999999999') already exists

	at oracle.jdbc.driver.T4CTTIoer11.processError(T4CTTIoer11.java:637) ~[ojdbc8-21.5.0.0.jar:21.5.0.0.0]
	... 15 more
2026-02-19 20:22:44,856 [main] INFO  com.revpay.dao.UserDaoImpl - New user registered with email: business@gmail.com
2026-02-19 22:30:33,657 [main] INFO  com.revpay.service.WalletService - Wallet balance checked for user 13 : ₹2490.0
2026-02-19 22:30:41,860 [main] INFO  com.revpay.service.WalletService - ₹10000.0 added to wallet for user 13
2026-02-19 22:30:43,817 [main] INFO  com.revpay.service.WalletService - Wallet balance checked for user 13 : ₹12490.0
2026-02-20 10:34:46,888 [main] INFO  com.revpay.service.WalletService - ₹10000.0 added to wallet for user 35
2026-02-20 10:38:38,246 [main] INFO  com.revpay.service.WalletService - ₹10000.0 added to wallet for user 13
